Using pre-set license
Built from '2022.3/staging' branch; Version is '2022.3.50f1 (c3db7f8bf9b1) revision 12835711'; Using compiler version '192829333'; Build Type 'Release'
OS: 'Windows 10  (10.0.19045) 64bit Professional' Language: 'en' Physical Memory: 16291 MB
BatchMode: 1, IsHumanControllingUs: 0, StartBugReporterOnCrash: 0, Is64bit: 1, IsPro: 1

COMMAND LINE ARGUMENTS:
C:\Program Files\Unity\Hub\Editor\2022.3.50f1\Editor\Unity.exe
-adb2
-batchMode
-noUpm
-name
AssetImportWorker2
-projectPath
C:/Users/User/DDTC
-logFile
Logs/AssetImportWorker2.log
-srvPort
56963
Successfully changed project path to: C:/Users/User/DDTC
C:/Users/User/DDTC
[UnityMemory] Configuration Parameters - Can be set up in boot.config
    "memorysetup-bucket-allocator-granularity=16"
    "memorysetup-bucket-allocator-bucket-count=8"
    "memorysetup-bucket-allocator-block-size=33554432"
    "memorysetup-bucket-allocator-block-count=8"
    "memorysetup-main-allocator-block-size=16777216"
    "memorysetup-thread-allocator-block-size=16777216"
    "memorysetup-gfx-main-allocator-block-size=16777216"
    "memorysetup-gfx-thread-allocator-block-size=16777216"
    "memorysetup-cache-allocator-block-size=4194304"
    "memorysetup-typetree-allocator-block-size=2097152"
    "memorysetup-profiler-bucket-allocator-granularity=16"
    "memorysetup-profiler-bucket-allocator-bucket-count=8"
    "memorysetup-profiler-bucket-allocator-block-size=33554432"
    "memorysetup-profiler-bucket-allocator-block-count=8"
    "memorysetup-profiler-allocator-block-size=16777216"
    "memorysetup-profiler-editor-allocator-block-size=1048576"
    "memorysetup-temp-allocator-size-main=16777216"
    "memorysetup-job-temp-allocator-block-size=2097152"
    "memorysetup-job-temp-allocator-block-size-background=1048576"
    "memorysetup-job-temp-allocator-reduction-small-platforms=262144"
    "memorysetup-allocator-temp-initial-block-size-main=262144"
    "memorysetup-allocator-temp-initial-block-size-worker=262144"
    "memorysetup-temp-allocator-size-background-worker=32768"
    "memorysetup-temp-allocator-size-job-worker=262144"
    "memorysetup-temp-allocator-size-preload-manager=33554432"
    "memorysetup-temp-allocator-size-nav-mesh-worker=65536"
    "memorysetup-temp-allocator-size-audio-worker=65536"
    "memorysetup-temp-allocator-size-cloud-worker=32768"
    "memorysetup-temp-allocator-size-gi-baking-worker=262144"
    "memorysetup-temp-allocator-size-gfx=262144"
Player connection [20256]  Target information:

Player connection [20256]  * "[IP] 192.168.101.165 [Port] 0 [Flags] 2 [Guid] 1343369562 [EditorId] 1343369562 [Version] 1048832 [Id] WindowsEditor(7,DESKTOP-SQI1976) [Debug] 1 [PackageName] WindowsEditor [ProjectName] Editor" 

Player connection [20256] Host joined multi-casting on [225.0.0.222:54997]...
Player connection [20256] Host joined alternative multi-casting on [225.0.0.222:34997]...
[PhysX] Initialized MultithreadedTaskDispatcher with 12 workers.
Refreshing native plugins compatible for Editor in 21.76 ms, found 2 plugins.
Preloading 0 native plugins for Editor in 0.00 ms.
Initialize engine version: 2022.3.50f1 (c3db7f8bf9b1)
[Subsystems] Discovering subsystems at path C:/Program Files/Unity/Hub/Editor/2022.3.50f1/Editor/Data/Resources/UnitySubsystems
[Subsystems] Discovering subsystems at path C:/Users/User/DDTC/Assets
GfxDevice: creating device client; threaded=0; jobified=0
Direct3D:
    Version:  Direct3D 11.0 [level 11.1]
    Renderer: NVIDIA GeForce RTX 2060 SUPER (ID=0x1f06)
    Vendor:   NVIDIA
    VRAM:     8006 MB
    Driver:   32.0.15.6094
Initialize mono
Mono path[0] = 'C:/Program Files/Unity/Hub/Editor/2022.3.50f1/Editor/Data/Managed'
Mono path[1] = 'C:/Program Files/Unity/Hub/Editor/2022.3.50f1/Editor/Data/MonoBleedingEdge/lib/mono/unityjit-win32'
Mono config path = 'C:/Program Files/Unity/Hub/Editor/2022.3.50f1/Editor/Data/MonoBleedingEdge/etc'
Using monoOptions --debugger-agent=transport=dt_socket,embedding=1,server=y,suspend=n,address=127.0.0.1:56896
Begin MonoManager ReloadAssembly
Registering precompiled unity dll's ...
Register platform support module: C:/Program Files/Unity/Hub/Editor/2022.3.50f1/Editor/Data/PlaybackEngines/WindowsStandaloneSupport/UnityEditor.WindowsStandalone.Extensions.dll
Registered in 0.010493 seconds.
- Loaded All Assemblies, in  0.465 seconds
Native extension for WindowsStandalone target not found
Mono: successfully reloaded assembly
- Finished resetting the current domain, in  0.427 seconds
Domain Reload Profiling: 889ms
	BeginReloadAssembly (142ms)
		ExecutionOrderSort (0ms)
		DisableScriptedObjects (0ms)
		BackupInstance (0ms)
		ReleaseScriptingObjects (0ms)
		CreateAndSetChildDomain (1ms)
	RebuildCommonClasses (49ms)
	RebuildNativeTypeToScriptingClass (12ms)
	initialDomainReloadingComplete (76ms)
	LoadAllAssembliesAndSetupDomain (182ms)
		LoadAssemblies (140ms)
		RebuildTransferFunctionScriptingTraits (0ms)
		AnalyzeDomain (179ms)
			TypeCache.Refresh (177ms)
				TypeCache.ScanAssembly (157ms)
			ScanForSourceGeneratedMonoScriptInfo (0ms)
			ResolveRequiredComponents (0ms)
	FinalizeReload (427ms)
		ReleaseScriptCaches (0ms)
		RebuildScriptCaches (0ms)
		SetupLoadedEditorAssemblies (365ms)
			LogAssemblyErrors (0ms)
			InitializePlatformSupportModulesInManaged (13ms)
			SetLoadedEditorAssemblies (11ms)
			RefreshPlugins (0ms)
			BeforeProcessingInitializeOnLoad (3ms)
			ProcessInitializeOnLoadAttributes (263ms)
			ProcessInitializeOnLoadMethodAttributes (75ms)
			AfterProcessingInitializeOnLoad (0ms)
			EditorAssembliesLoaded (0ms)
		ExecutionOrderSort2 (0ms)
		AwakeInstancesAfterBackupRestoration (0ms)
========================================================================
Worker process is ready to serve import requests
Caller must complete domain reload
Begin MonoManager ReloadAssembly
Symbol file LoadedFromMemory is not a mono symbol file
- Loaded All Assemblies, in  0.712 seconds
Native extension for WindowsStandalone target not found
Package Manager log level set to [2]
[Package Manager] Server::EnsureServerProcessIsRunning -- launch failed, reason: Unity was launched with the -noUpm command-line argument
[Package Manager] UpmClient::Send -- Unable to send message (not connected to UPM process).
[Package Manager] Cannot connect to Unity Package Manager local server
Mono: successfully reloaded assembly
- Finished resetting the current domain, in  0.839 seconds
Domain Reload Profiling: 1547ms
	BeginReloadAssembly (168ms)
		ExecutionOrderSort (0ms)
		DisableScriptedObjects (6ms)
		BackupInstance (0ms)
		ReleaseScriptingObjects (0ms)
		CreateAndSetChildDomain (23ms)
	RebuildCommonClasses (44ms)
	RebuildNativeTypeToScriptingClass (17ms)
	initialDomainReloadingComplete (49ms)
	LoadAllAssembliesAndSetupDomain (430ms)
		LoadAssemblies (375ms)
		RebuildTransferFunctionScriptingTraits (0ms)
		AnalyzeDomain (156ms)
			TypeCache.Refresh (131ms)
				TypeCache.ScanAssembly (111ms)
			ScanForSourceGeneratedMonoScriptInfo (21ms)
			ResolveRequiredComponents (3ms)
	FinalizeReload (839ms)
		ReleaseScriptCaches (0ms)
		RebuildScriptCaches (0ms)
		SetupLoadedEditorAssemblies (682ms)
			LogAssemblyErrors (0ms)
			InitializePlatformSupportModulesInManaged (8ms)
			SetLoadedEditorAssemblies (5ms)
			RefreshPlugins (0ms)
			BeforeProcessingInitializeOnLoad (77ms)
			ProcessInitializeOnLoadAttributes (400ms)
			ProcessInitializeOnLoadMethodAttributes (184ms)
			AfterProcessingInitializeOnLoad (7ms)
			EditorAssembliesLoaded (0ms)
		ExecutionOrderSort2 (0ms)
		AwakeInstancesAfterBackupRestoration (6ms)
Launched and connected shader compiler UnityShaderCompiler.exe after 0.04 seconds
Refreshing native plugins compatible for Editor in 12.34 ms, found 2 plugins.
Preloading 0 native plugins for Editor in 0.00 ms.
Unloading 2477 Unused Serialized files (Serialized files now loaded: 0)
Unloading 22 unused Assets / (53.0 KB). Loaded Objects now: 2952.
Memory consumption went from 104.8 MB to 104.8 MB.
Total: 9.809700 ms (FindLiveObjects: 0.288700 ms CreateObjectMapping: 0.248500 ms MarkObjects: 9.161700 ms  DeleteObjects: 0.109600 ms)

AssetImportParameters requested are different than current active one (requested -> active):
  custom:video-decoder-webm-vp8: 9c59270c3fd7afecdb556c50c9e8de78 -> 
  custom:SearchIndexIgnoredProperties: e643bd26f0fe6173181afceb89e7c659 -> 
  custom:container-demuxer-ogg: 62fdf1f143b41e24485cea50d1cbac27 -> 
  custom:AudioImporter_EditorPlatform: d09bf68614088b80899f8185d706f6e7 -> 
  custom:video-decoder-ogg-theora: a1e56fd34408186e4bbccfd4996cb3dc -> 
  custom:framework-win-MediaFoundation: 216162199b28c13a410421893ffa2e32 -> 
  custom:video-encoder-webm-vp8: eb34c28f22e8b96e1ab97ce403110664 -> 
  custom:audio-decoder-ogg-vorbis: bf7c407c2cedff20999df2af8eb42d56 -> 
  custom:CustomObjectIndexerAttribute: 9a22284fe3817be447336de3de66b15e -> 
  custom:container-demuxer-webm: 4f35f7cbe854078d1ac9338744f61a02 -> 
  custom:audio-encoder-webm-vorbis: bf7c407c2cedff20999df2af8eb42d56 -> 
  custom:container-muxer-webm: aa71ff27fc2769a1b78a27578f13a17b -> 
========================================================================
Received Import Request.
  Time since last request: 2663874.081207 seconds.
  path: Assets/Pet Cats pack/Sprites/Cat-1/Cat-1-Laying.png
  artifactKey: Guid(8cf1ba603b4568043b88c79f5f508f63) Importer(815301076,1909f56bfc062723c751e8b465ee728b)
Start importing Assets/Pet Cats pack/Sprites/Cat-1/Cat-1-Laying.png using Guid(8cf1ba603b4568043b88c79f5f508f63) Importer(815301076,1909f56bfc062723c751e8b465ee728b) [PhysX] Initialized MultithreadedTaskDispatcher with 12 workers.
[PhysX] Initialized MultithreadedTaskDispatcher with 12 workers.
 -> (artifact id: '6173633aaddf84d1c70c1e715d50a962') in 0.151588 seconds
Number of updated asset objects reloaded before import = 0
Number of asset objects unloaded after import = 10
========================================================================
Received Import Request.
  Time since last request: 0.000037 seconds.
  path: Assets/Pet Cats pack/Sprites/Cat-1/Cat-1-Sleeping1.png
  artifactKey: Guid(f19e90b91234c9140844af2c361b9335) Importer(815301076,1909f56bfc062723c751e8b465ee728b)
Start importing Assets/Pet Cats pack/Sprites/Cat-1/Cat-1-Sleeping1.png using Guid(f19e90b91234c9140844af2c361b9335) Importer(815301076,1909f56bfc062723c751e8b465ee728b) [PhysX] Initialized MultithreadedTaskDispatcher with 12 workers.
[PhysX] Initialized MultithreadedTaskDispatcher with 12 workers.
 -> (artifact id: '984453146ba2b6dc31c1d4931946665f') in 0.024123 seconds
Number of updated asset objects reloaded before import = 0
Number of asset objects unloaded after import = 3
========================================================================
Received Import Request.
  Time since last request: 0.000017 seconds.
  path: Assets/Pet Cats pack/Sprites/Cat-1/Cat-1-Meow.png
  artifactKey: Guid(a7dd92e6bf1f4244a85147857743bd79) Importer(815301076,1909f56bfc062723c751e8b465ee728b)
Start importing Assets/Pet Cats pack/Sprites/Cat-1/Cat-1-Meow.png using Guid(a7dd92e6bf1f4244a85147857743bd79) Importer(815301076,1909f56bfc062723c751e8b465ee728b) [PhysX] Initialized MultithreadedTaskDispatcher with 12 workers.
[PhysX] Initialized MultithreadedTaskDispatcher with 12 workers.
 -> (artifact id: '234092769b3bf22c84b0385c29aa691d') in 0.039905 seconds
Number of updated asset objects reloaded before import = 0
Number of asset objects unloaded after import = 6
========================================================================
Received Import Request.
  Time since last request: 0.000017 seconds.
  path: Assets/Pet Cats pack/Sprites/Cat-1/Cat-1-Walk.png
  artifactKey: Guid(575eda94bad32984fa4935919f2c1b1b) Importer(815301076,1909f56bfc062723c751e8b465ee728b)
Start importing Assets/Pet Cats pack/Sprites/Cat-1/Cat-1-Walk.png using Guid(575eda94bad32984fa4935919f2c1b1b) Importer(815301076,1909f56bfc062723c751e8b465ee728b) [PhysX] Initialized MultithreadedTaskDispatcher with 12 workers.
[PhysX] Initialized MultithreadedTaskDispatcher with 12 workers.
 -> (artifact id: '8eb5addbfc4adad826989b4a0427a6db') in 0.070755 seconds
Number of updated asset objects reloaded before import = 0
Number of asset objects unloaded after import = 10
========================================================================
Received Import Request.
  Time since last request: 0.000014 seconds.
  path: Assets/Pet Cats pack/Sprites/Cat-1/Cat-1-Sitting.png
  artifactKey: Guid(65ce8b731e1efbd4d8e681ee98d2ab85) Importer(815301076,1909f56bfc062723c751e8b465ee728b)
Start importing Assets/Pet Cats pack/Sprites/Cat-1/Cat-1-Sitting.png using Guid(65ce8b731e1efbd4d8e681ee98d2ab85) Importer(815301076,1909f56bfc062723c751e8b465ee728b) [PhysX] Initialized MultithreadedTaskDispatcher with 12 workers.
[PhysX] Initialized MultithreadedTaskDispatcher with 12 workers.
 -> (artifact id: '6aa7863d137c9b4a80f6755af49a49aa') in 0.024831 seconds
Number of updated asset objects reloaded before import = 0
Number of asset objects unloaded after import = 3
========================================================================
Received Import Request.
  Time since last request: 68.153318 seconds.
  path: Assets/Platform tile pack/ArtWork/Tiles/Ground.prefab
  artifactKey: Guid(a935148d58dcc034a9a4e761f42757e4) Importer(815301076,1909f56bfc062723c751e8b465ee728b)
Start importing Assets/Platform tile pack/ArtWork/Tiles/Ground.prefab using Guid(a935148d58dcc034a9a4e761f42757e4) Importer(815301076,1909f56bfc062723c751e8b465ee728b) [PhysX] Initialized MultithreadedTaskDispatcher with 12 workers.
[PhysX] Initialized MultithreadedTaskDispatcher with 12 workers.
 -> (artifact id: '0616a6256397b950165422c5969bf828') in 0.109599 seconds
Number of updated asset objects reloaded before import = 0
Number of asset objects unloaded after import = 345
========================================================================
Received Import Request.
  Time since last request: 0.000020 seconds.
  path: Assets/Platform tile pack/ArtWork/Tiles/Tileset_12.asset
  artifactKey: Guid(86f190d72d1652c45948f2dfe388b9aa) Importer(815301076,1909f56bfc062723c751e8b465ee728b)
Start importing Assets/Platform tile pack/ArtWork/Tiles/Tileset_12.asset using Guid(86f190d72d1652c45948f2dfe388b9aa) Importer(815301076,1909f56bfc062723c751e8b465ee728b) [PhysX] Initialized MultithreadedTaskDispatcher with 12 workers.
 -> (artifact id: '377d0e4f328efcb36a15fed5d55fa8cb') in 0.010877 seconds
Number of updated asset objects reloaded before import = 0
Number of asset objects unloaded after import = 3
========================================================================
Received Import Request.
  Time since last request: 0.000016 seconds.
  path: Assets/Platform tile pack/ArtWork/Tiles/Tileset_1.asset
  artifactKey: Guid(7c8de5009727a87448067debb5a98ce0) Importer(815301076,1909f56bfc062723c751e8b465ee728b)
Start importing Assets/Platform tile pack/ArtWork/Tiles/Tileset_1.asset using Guid(7c8de5009727a87448067debb5a98ce0) Importer(815301076,1909f56bfc062723c751e8b465ee728b) [PhysX] Initialized MultithreadedTaskDispatcher with 12 workers.
 -> (artifact id: 'a659fbe3c20373a31a076562577f683d') in 0.009573 seconds
Number of updated asset objects reloaded before import = 0
Number of asset objects unloaded after import = 3
========================================================================
Received Import Request.
  Time since last request: 0.000015 seconds.
  path: Assets/Platform tile pack/ArtWork/Tiles/Tileset_46.asset
  artifactKey: Guid(9d1046eec6ee7f64c996f242ee0255eb) Importer(815301076,1909f56bfc062723c751e8b465ee728b)
Start importing Assets/Platform tile pack/ArtWork/Tiles/Tileset_46.asset using Guid(9d1046eec6ee7f64c996f242ee0255eb) Importer(815301076,1909f56bfc062723c751e8b465ee728b) [PhysX] Initialized MultithreadedTaskDispatcher with 12 workers.
 -> (artifact id: '039bcd7c88bc40ef4428c2e42ea8ffbb') in 0.009206 seconds
Number of updated asset objects reloaded before import = 0
Number of asset objects unloaded after import = 3
========================================================================
Received Import Request.
  Time since last request: 0.000016 seconds.
  path: Assets/Platform tile pack/ArtWork/Tiles/Tileset_25.asset
  artifactKey: Guid(429d7ef1de56b3d40b6ccc94529001a4) Importer(815301076,1909f56bfc062723c751e8b465ee728b)
Start importing Assets/Platform tile pack/ArtWork/Tiles/Tileset_25.asset using Guid(429d7ef1de56b3d40b6ccc94529001a4) Importer(815301076,1909f56bfc062723c751e8b465ee728b) [PhysX] Initialized MultithreadedTaskDispatcher with 12 workers.
 -> (artifact id: '5d27b5008b2b7c34670a0c5bf3dd6214') in 0.008671 seconds
Number of updated asset objects reloaded before import = 0
Number of asset objects unloaded after import = 3
========================================================================
Received Import Request.
  Time since last request: 0.000032 seconds.
  path: Assets/Platform tile pack/ArtWork/Tiles/Tileset_38.asset
  artifactKey: Guid(7603470b01ddc7c47b46c2dfcfd68640) Importer(815301076,1909f56bfc062723c751e8b465ee728b)
Start importing Assets/Platform tile pack/ArtWork/Tiles/Tileset_38.asset using Guid(7603470b01ddc7c47b46c2dfcfd68640) Importer(815301076,1909f56bfc062723c751e8b465ee728b) [PhysX] Initialized MultithreadedTaskDispatcher with 12 workers.
 -> (artifact id: 'defd58687f39372bbd2de67d2e4ec8a3') in 0.009525 seconds
Number of updated asset objects reloaded before import = 0
Number of asset objects unloaded after import = 3
========================================================================
Received Import Request.
  Time since last request: 0.000012 seconds.
  path: Assets/Platform tile pack/ArtWork/Tiles/Tileset_6.asset
  artifactKey: Guid(fa17718606ce75e4da62e4c83d2852dd) Importer(815301076,1909f56bfc062723c751e8b465ee728b)
Start importing Assets/Platform tile pack/ArtWork/Tiles/Tileset_6.asset using Guid(fa17718606ce75e4da62e4c83d2852dd) Importer(815301076,1909f56bfc062723c751e8b465ee728b) [PhysX] Initialized MultithreadedTaskDispatcher with 12 workers.
 -> (artifact id: 'b6013337f034886df24ef3f72c6a8d77') in 0.009288 seconds
Number of updated asset objects reloaded before import = 0
Number of asset objects unloaded after import = 3
========================================================================
Received Import Request.
  Time since last request: 0.000021 seconds.
  path: Assets/Platform tile pack/ArtWork/Tiles/Tileset_23.asset
  artifactKey: Guid(b6395a7246b613b4087f3209148e8a2c) Importer(815301076,1909f56bfc062723c751e8b465ee728b)
Start importing Assets/Platform tile pack/ArtWork/Tiles/Tileset_23.asset using Guid(b6395a7246b613b4087f3209148e8a2c) Importer(815301076,1909f56bfc062723c751e8b465ee728b) [PhysX] Initialized MultithreadedTaskDispatcher with 12 workers.
 -> (artifact id: 'a990c707c18df463c77538b8a9d32332') in 0.009743 seconds
Number of updated asset objects reloaded before import = 0
Number of asset objects unloaded after import = 3
========================================================================
Received Import Request.
  Time since last request: 0.000018 seconds.
  path: Assets/Platform tile pack/ArtWork/Tiles/Tileset_8.asset
  artifactKey: Guid(584f10d5841a24d45b1e5acc36c04ec2) Importer(815301076,1909f56bfc062723c751e8b465ee728b)
Start importing Assets/Platform tile pack/ArtWork/Tiles/Tileset_8.asset using Guid(584f10d5841a24d45b1e5acc36c04ec2) Importer(815301076,1909f56bfc062723c751e8b465ee728b) [PhysX] Initialized MultithreadedTaskDispatcher with 12 workers.
 -> (artifact id: '908d75017296e978f40668799c92b68d') in 0.010529 seconds
Number of updated asset objects reloaded before import = 0
Number of asset objects unloaded after import = 3
========================================================================
Received Import Request.
  Time since last request: 0.000019 seconds.
  path: Assets/Platform tile pack/ArtWork/Tiles/Tileset_14.asset
  artifactKey: Guid(050883a66492b754c8ec34984f4641da) Importer(815301076,1909f56bfc062723c751e8b465ee728b)
Start importing Assets/Platform tile pack/ArtWork/Tiles/Tileset_14.asset using Guid(050883a66492b754c8ec34984f4641da) Importer(815301076,1909f56bfc062723c751e8b465ee728b) [PhysX] Initialized MultithreadedTaskDispatcher with 12 workers.
 -> (artifact id: 'ef32186dc8f6a31fb383ca7cafd46a57') in 0.009330 seconds
Number of updated asset objects reloaded before import = 0
Number of asset objects unloaded after import = 3
========================================================================
Received Import Request.
  Time since last request: 0.000019 seconds.
  path: Assets/Platform tile pack/ArtWork/Tiles/Tileset_42.asset
  artifactKey: Guid(f14995cd3618d87409102d2247ab197e) Importer(815301076,1909f56bfc062723c751e8b465ee728b)
Start importing Assets/Platform tile pack/ArtWork/Tiles/Tileset_42.asset using Guid(f14995cd3618d87409102d2247ab197e) Importer(815301076,1909f56bfc062723c751e8b465ee728b) [PhysX] Initialized MultithreadedTaskDispatcher with 12 workers.
 -> (artifact id: 'a9979f65af7bc32a371ec9d8ee1bba92') in 0.009019 seconds
Number of updated asset objects reloaded before import = 0
Number of asset objects unloaded after import = 3
========================================================================
Received Import Request.
  Time since last request: 0.000015 seconds.
  path: Assets/Platform tile pack/ArtWork/Tiles/Tileset_24.asset
  artifactKey: Guid(9c4b07b011beb854c92b5e0ef38a83c4) Importer(815301076,1909f56bfc062723c751e8b465ee728b)
Start importing Assets/Platform tile pack/ArtWork/Tiles/Tileset_24.asset using Guid(9c4b07b011beb854c92b5e0ef38a83c4) Importer(815301076,1909f56bfc062723c751e8b465ee728b) [PhysX] Initialized MultithreadedTaskDispatcher with 12 workers.
 -> (artifact id: '0cf04b3b1e12517ff69b8dac014b21f9') in 0.010057 seconds
Number of updated asset objects reloaded before import = 0
Number of asset objects unloaded after import = 3
========================================================================
Received Import Request.
  Time since last request: 0.000019 seconds.
  path: Assets/Platform tile pack/ArtWork/Tiles/Tileset_32.asset
  artifactKey: Guid(2d3e4821c0602b743befc71849a70192) Importer(815301076,1909f56bfc062723c751e8b465ee728b)
Start importing Assets/Platform tile pack/ArtWork/Tiles/Tileset_32.asset using Guid(2d3e4821c0602b743befc71849a70192) Importer(815301076,1909f56bfc062723c751e8b465ee728b) [PhysX] Initialized MultithreadedTaskDispatcher with 12 workers.
 -> (artifact id: '3cd91d2a1cb9f46d0dbae49b54943211') in 0.010374 seconds
Number of updated asset objects reloaded before import = 0
Number of asset objects unloaded after import = 3
========================================================================
Received Import Request.
  Time since last request: 0.000020 seconds.
  path: Assets/Platform tile pack/ArtWork/Tiles/Tileset_15.asset
  artifactKey: Guid(443768aacc0d2614aab7c6a87fe55d85) Importer(815301076,1909f56bfc062723c751e8b465ee728b)
Start importing Assets/Platform tile pack/ArtWork/Tiles/Tileset_15.asset using Guid(443768aacc0d2614aab7c6a87fe55d85) Importer(815301076,1909f56bfc062723c751e8b465ee728b) [PhysX] Initialized MultithreadedTaskDispatcher with 12 workers.
 -> (artifact id: '6063f73e220272f72852cc003b0ee14a') in 0.009461 seconds
Number of updated asset objects reloaded before import = 0
Number of asset objects unloaded after import = 3
========================================================================
Received Import Request.
  Time since last request: 0.000014 seconds.
  path: Assets/Platform tile pack/ArtWork/Tiles/Tileset_31.asset
  artifactKey: Guid(60ab907952191444ca52c40cc4d436ad) Importer(815301076,1909f56bfc062723c751e8b465ee728b)
Start importing Assets/Platform tile pack/ArtWork/Tiles/Tileset_31.asset using Guid(60ab907952191444ca52c40cc4d436ad) Importer(815301076,1909f56bfc062723c751e8b465ee728b) [PhysX] Initialized MultithreadedTaskDispatcher with 12 workers.
 -> (artifact id: '0a6294eb9163b4be73a0cb8a9268334e') in 0.009367 seconds
Number of updated asset objects reloaded before import = 0
Number of asset objects unloaded after import = 3
========================================================================
Received Import Request.
  Time since last request: 0.000024 seconds.
  path: Assets/Platform tile pack/ArtWork/Tiles/Tileset_7.asset
  artifactKey: Guid(ccb26a6fedaa08444891d1bcf6461d9f) Importer(815301076,1909f56bfc062723c751e8b465ee728b)
Start importing Assets/Platform tile pack/ArtWork/Tiles/Tileset_7.asset using Guid(ccb26a6fedaa08444891d1bcf6461d9f) Importer(815301076,1909f56bfc062723c751e8b465ee728b) [PhysX] Initialized MultithreadedTaskDispatcher with 12 workers.
 -> (artifact id: 'de87a78dfa060d9ae939399911136c1d') in 0.009355 seconds
Number of updated asset objects reloaded before import = 0
Number of asset objects unloaded after import = 3
========================================================================
Received Import Request.
  Time since last request: 0.000016 seconds.
  path: Assets/Platform tile pack/ArtWork/Tiles/Tileset_44.asset
  artifactKey: Guid(d0d89854bd5333247bf175a16ae58e0c) Importer(815301076,1909f56bfc062723c751e8b465ee728b)
Start importing Assets/Platform tile pack/ArtWork/Tiles/Tileset_44.asset using Guid(d0d89854bd5333247bf175a16ae58e0c) Importer(815301076,1909f56bfc062723c751e8b465ee728b) [PhysX] Initialized MultithreadedTaskDispatcher with 12 workers.
 -> (artifact id: 'e279662b9218b4d8ab15fcc1b420e686') in 0.008677 seconds
Number of updated asset objects reloaded before import = 0
Number of asset objects unloaded after import = 3
========================================================================
Received Import Request.
  Time since last request: 0.000018 seconds.
  path: Assets/Platform tile pack/ArtWork/Tiles/Tileset_22.asset
  artifactKey: Guid(c510882f61007004588f8d5398567543) Importer(815301076,1909f56bfc062723c751e8b465ee728b)
Start importing Assets/Platform tile pack/ArtWork/Tiles/Tileset_22.asset using Guid(c510882f61007004588f8d5398567543) Importer(815301076,1909f56bfc062723c751e8b465ee728b) [PhysX] Initialized MultithreadedTaskDispatcher with 12 workers.
 -> (artifact id: 'dcb18df649dd4e40729615f1ab3aa375') in 0.008871 seconds
Number of updated asset objects reloaded before import = 0
Number of asset objects unloaded after import = 3
========================================================================
Received Import Request.
  Time since last request: 0.000015 seconds.
  path: Assets/Platform tile pack/ArtWork/Tiles/Tileset_26.asset
  artifactKey: Guid(7fa0dc51a2d3aa247867cb7c52eafcfd) Importer(815301076,1909f56bfc062723c751e8b465ee728b)
Start importing Assets/Platform tile pack/ArtWork/Tiles/Tileset_26.asset using Guid(7fa0dc51a2d3aa247867cb7c52eafcfd) Importer(815301076,1909f56bfc062723c751e8b465ee728b) [PhysX] Initialized MultithreadedTaskDispatcher with 12 workers.
 -> (artifact id: 'c775d301a04efa80b7d5577f94b90b3b') in 0.009316 seconds
Number of updated asset objects reloaded before import = 0
Number of asset objects unloaded after import = 3
========================================================================
Received Import Request.
  Time since last request: 0.000017 seconds.
  path: Assets/Platform tile pack/ArtWork/Tiles/Tileset_35.asset
  artifactKey: Guid(161b264981e540842a3509b3646d59b4) Importer(815301076,1909f56bfc062723c751e8b465ee728b)
Start importing Assets/Platform tile pack/ArtWork/Tiles/Tileset_35.asset using Guid(161b264981e540842a3509b3646d59b4) Importer(815301076,1909f56bfc062723c751e8b465ee728b) [PhysX] Initialized MultithreadedTaskDispatcher with 12 workers.
 -> (artifact id: 'b43d1f17d9bead28e222d8a63e98dcfd') in 0.009931 seconds
Number of updated asset objects reloaded before import = 0
Number of asset objects unloaded after import = 3
========================================================================
Received Import Request.
  Time since last request: 0.000020 seconds.
  path: Assets/Platform tile pack/ArtWork/Tiles/Tileset_34.asset
  artifactKey: Guid(c0dd572e57542764a9ac0ba7da6ef41c) Importer(815301076,1909f56bfc062723c751e8b465ee728b)
Start importing Assets/Platform tile pack/ArtWork/Tiles/Tileset_34.asset using Guid(c0dd572e57542764a9ac0ba7da6ef41c) Importer(815301076,1909f56bfc062723c751e8b465ee728b) [PhysX] Initialized MultithreadedTaskDispatcher with 12 workers.
 -> (artifact id: 'b4bbdc84e2e2ba61c1c8e68c694118e5') in 0.009795 seconds
Number of updated asset objects reloaded before import = 0
Number of asset objects unloaded after import = 3
========================================================================
Received Import Request.
  Time since last request: 22.426906 seconds.
  path: Assets/Platform tile pack/ArtWork/Sprites/background.png
  artifactKey: Guid(2ac58b6ca21de894abca6f54a207a2e5) Importer(815301076,1909f56bfc062723c751e8b465ee728b)
Start importing Assets/Platform tile pack/ArtWork/Sprites/background.png using Guid(2ac58b6ca21de894abca6f54a207a2e5) Importer(815301076,1909f56bfc062723c751e8b465ee728b) [PhysX] Initialized MultithreadedTaskDispatcher with 12 workers.
[PhysX] Initialized MultithreadedTaskDispatcher with 12 workers.
 -> (artifact id: 'eab3411ffa4232a39693b921120f4741') in 0.021760 seconds
Number of updated asset objects reloaded before import = 0
Number of asset objects unloaded after import = 3
========================================================================
Received Import Request.
  Time since last request: 35.240283 seconds.
  path: Assets/UniversalRenderPipelineGlobalSettings.asset
  artifactKey: Guid(93b439a37f63240aca3dd4e01d978a9f) Importer(815301076,1909f56bfc062723c751e8b465ee728b)
Start importing Assets/UniversalRenderPipelineGlobalSettings.asset using Guid(93b439a37f63240aca3dd4e01d978a9f) Importer(815301076,1909f56bfc062723c751e8b465ee728b) [PhysX] Initialized MultithreadedTaskDispatcher with 12 workers.
 -> (artifact id: 'd77e5f6fa8cb410ffa7e791991087b5a') in 0.001022 seconds
Number of updated asset objects reloaded before import = 0
Number of asset objects unloaded after import = 1
========================================================================
Received Import Request.
  Time since last request: 21.650493 seconds.
  path: ProjectSettings/TagManager.asset
  artifactKey: Guid(00000000000000003000000000000000) Importer(815301076,1909f56bfc062723c751e8b465ee728b)
Start importing ProjectSettings/TagManager.asset using Guid(00000000000000003000000000000000) Importer(815301076,1909f56bfc062723c751e8b465ee728b) [PhysX] Initialized MultithreadedTaskDispatcher with 12 workers.
 -> (artifact id: '19a2cafdd15fcd733ef46b3472e1d7fc') in 0.000831 seconds
Number of updated asset objects reloaded before import = 0
Number of asset objects unloaded after import = 0
========================================================================
Received Import Request.
  Time since last request: 67.516123 seconds.
  path: Assets/Platform tile pack
  artifactKey: Guid(da40f866b8d876d40a1f79a6dd4a3bbf) Importer(815301076,1909f56bfc062723c751e8b465ee728b)
Start importing Assets/Platform tile pack using Guid(da40f866b8d876d40a1f79a6dd4a3bbf) Importer(815301076,1909f56bfc062723c751e8b465ee728b) [PhysX] Initialized MultithreadedTaskDispatcher with 12 workers.
 -> (artifact id: 'b091a2c7e3bf5a5628ced1a7c59d3265') in 0.000442 seconds
Number of updated asset objects reloaded before import = 0
Number of asset objects unloaded after import = 0
========================================================================
Received Import Request.
  Time since last request: 1.443583 seconds.
  path: Assets/Platform tile pack/Scenes/Demo.unity
  artifactKey: Guid(f0981348dcb856041b45f35b09eefe75) Importer(815301076,1909f56bfc062723c751e8b465ee728b)
Start importing Assets/Platform tile pack/Scenes/Demo.unity using Guid(f0981348dcb856041b45f35b09eefe75) Importer(815301076,1909f56bfc062723c751e8b465ee728b) [PhysX] Initialized MultithreadedTaskDispatcher with 12 workers.
 -> (artifact id: '33c2ad8ba8fa021d877240c463bb9a07') in 0.000577 seconds
Number of updated asset objects reloaded before import = 0
Number of asset objects unloaded after import = 0
========================================================================
Received Import Request.
  Time since last request: 114.105685 seconds.
  path: Assets/War/Slime Enemy - Pixel Art/Sprites/Idle/Green/Sprite Sheet - Green Idle.png
  artifactKey: Guid(c80534141f80d28489b1ef92f8ff7d99) Importer(815301076,1909f56bfc062723c751e8b465ee728b)
Start importing Assets/War/Slime Enemy - Pixel Art/Sprites/Idle/Green/Sprite Sheet - Green Idle.png using Guid(c80534141f80d28489b1ef92f8ff7d99) Importer(815301076,1909f56bfc062723c751e8b465ee728b) [PhysX] Initialized MultithreadedTaskDispatcher with 12 workers.
[PhysX] Initialized MultithreadedTaskDispatcher with 12 workers.
 -> (artifact id: '47838187ffed0d9599da7f81711d3179') in 0.049474 seconds
Number of updated asset objects reloaded before import = 0
Number of asset objects unloaded after import = 9
========================================================================
Received Import Request.
  Time since last request: 1.229761 seconds.
  path: Assets/War/Slime Enemy - Pixel Art/Sprites/Idle/Red/Sprite Sheet - Red Idle.png
  artifactKey: Guid(d4e8a5c5eececab46942986a743fd7d8) Importer(815301076,1909f56bfc062723c751e8b465ee728b)
Start importing Assets/War/Slime Enemy - Pixel Art/Sprites/Idle/Red/Sprite Sheet - Red Idle.png using Guid(d4e8a5c5eececab46942986a743fd7d8) Importer(815301076,1909f56bfc062723c751e8b465ee728b) [PhysX] Initialized MultithreadedTaskDispatcher with 12 workers.
[PhysX] Initialized MultithreadedTaskDispatcher with 12 workers.
 -> (artifact id: '2a7e7cc7795e0ceb904bbdbd9161d3fb') in 0.049780 seconds
Number of updated asset objects reloaded before import = 0
Number of asset objects unloaded after import = 9
========================================================================
Received Import Request.
  Time since last request: 0.318360 seconds.
  path: Assets/War/Slime Enemy - Pixel Art/Sprites/Idle/Blue/Sprite Sheet - Blue Idle.png
  artifactKey: Guid(bfeede70efd14484683f5956b4f1194b) Importer(815301076,1909f56bfc062723c751e8b465ee728b)
Start importing Assets/War/Slime Enemy - Pixel Art/Sprites/Idle/Blue/Sprite Sheet - Blue Idle.png using Guid(bfeede70efd14484683f5956b4f1194b) Importer(815301076,1909f56bfc062723c751e8b465ee728b) [PhysX] Initialized MultithreadedTaskDispatcher with 12 workers.
[PhysX] Initialized MultithreadedTaskDispatcher with 12 workers.
 -> (artifact id: 'c649f1decf4ef46e0dae144eeffe42f0') in 0.045538 seconds
Number of updated asset objects reloaded before import = 0
Number of asset objects unloaded after import = 9
========================================================================
Received Import Request.
  Time since last request: 2.937155 seconds.
  path: Assets/War/Slime Enemy - Pixel Art/Sprites/Death/Green/Sprite Sheet - Green Death.png
  artifactKey: Guid(37aa7ae02881d0f4b8b5e32919646456) Importer(815301076,1909f56bfc062723c751e8b465ee728b)
Start importing Assets/War/Slime Enemy - Pixel Art/Sprites/Death/Green/Sprite Sheet - Green Death.png using Guid(37aa7ae02881d0f4b8b5e32919646456) Importer(815301076,1909f56bfc062723c751e8b465ee728b) [PhysX] Initialized MultithreadedTaskDispatcher with 12 workers.
[PhysX] Initialized MultithreadedTaskDispatcher with 12 workers.
 -> (artifact id: '8dc89a1df58c6230d516c5900ed1aec3') in 0.038348 seconds
Number of updated asset objects reloaded before import = 0
Number of asset objects unloaded after import = 16
========================================================================
Received Prepare
Caller must complete domain reload
Begin MonoManager ReloadAssembly
Symbol file LoadedFromMemory is not a mono symbol file
- Loaded All Assemblies, in  0.454 seconds
Native extension for WindowsStandalone target not found
[Package Manager] Server::EnsureServerProcessIsRunning -- launch failed, reason: Unity was launched with the -noUpm command-line argument
[Package Manager] UpmClient::Send -- Unable to send message (not connected to UPM process).
[Package Manager] Cannot connect to Unity Package Manager local server
Mono: successfully reloaded assembly
- Finished resetting the current domain, in  1.061 seconds
Domain Reload Profiling: 1512ms
	BeginReloadAssembly (154ms)
		ExecutionOrderSort (0ms)
		DisableScriptedObjects (5ms)
		BackupInstance (0ms)
		ReleaseScriptingObjects (0ms)
		CreateAndSetChildDomain (34ms)
	RebuildCommonClasses (33ms)
	RebuildNativeTypeToScriptingClass (12ms)
	initialDomainReloadingComplete (32ms)
	LoadAllAssembliesAndSetupDomain (221ms)
		LoadAssemblies (291ms)
		RebuildTransferFunctionScriptingTraits (0ms)
		AnalyzeDomain (11ms)
			TypeCache.Refresh (5ms)
				TypeCache.ScanAssembly (0ms)
			ScanForSourceGeneratedMonoScriptInfo (0ms)
			ResolveRequiredComponents (5ms)
	FinalizeReload (1062ms)
		ReleaseScriptCaches (0ms)
		RebuildScriptCaches (0ms)
		SetupLoadedEditorAssemblies (667ms)
			LogAssemblyErrors (0ms)
			InitializePlatformSupportModulesInManaged (8ms)
			SetLoadedEditorAssemblies (4ms)
			RefreshPlugins (0ms)
			BeforeProcessingInitializeOnLoad (73ms)
			ProcessInitializeOnLoadAttributes (381ms)
			ProcessInitializeOnLoadMethodAttributes (193ms)
			AfterProcessingInitializeOnLoad (8ms)
			EditorAssembliesLoaded (0ms)
		ExecutionOrderSort2 (0ms)
		AwakeInstancesAfterBackupRestoration (7ms)
Refreshing native plugins compatible for Editor in 13.46 ms, found 2 plugins.
Preloading 0 native plugins for Editor in 0.00 ms.
Unloading 2470 Unused Serialized files (Serialized files now loaded: 0)
Unloading 13 unused Assets / (26.9 KB). Loaded Objects now: 2978.
Memory consumption went from 108.6 MB to 108.5 MB.
Total: 9.525300 ms (FindLiveObjects: 0.340900 ms CreateObjectMapping: 0.216500 ms MarkObjects: 8.926000 ms  DeleteObjects: 0.040500 ms)

Prepare: number of updated asset objects reloaded= 0
AssetImportParameters requested are different than current active one (requested -> active):
  custom:video-decoder-webm-vp8: 9c59270c3fd7afecdb556c50c9e8de78 -> 
  custom:SearchIndexIgnoredProperties: e643bd26f0fe6173181afceb89e7c659 -> 
  custom:container-demuxer-ogg: 62fdf1f143b41e24485cea50d1cbac27 -> 
  custom:AudioImporter_EditorPlatform: d09bf68614088b80899f8185d706f6e7 -> 
  custom:video-decoder-ogg-theora: a1e56fd34408186e4bbccfd4996cb3dc -> 
  custom:framework-win-MediaFoundation: 216162199b28c13a410421893ffa2e32 -> 
  custom:video-encoder-webm-vp8: eb34c28f22e8b96e1ab97ce403110664 -> 
  custom:audio-decoder-ogg-vorbis: bf7c407c2cedff20999df2af8eb42d56 -> 
  custom:CustomObjectIndexerAttribute: 9a22284fe3817be447336de3de66b15e -> 
  custom:container-demuxer-webm: 4f35f7cbe854078d1ac9338744f61a02 -> 
  custom:audio-encoder-webm-vorbis: bf7c407c2cedff20999df2af8eb42d56 -> 
  custom:container-muxer-webm: aa71ff27fc2769a1b78a27578f13a17b -> 
========================================================================
Received Prepare
Caller must complete domain reload
Begin MonoManager ReloadAssembly
Symbol file LoadedFromMemory is not a mono symbol file
- Loaded All Assemblies, in  0.434 seconds
Native extension for WindowsStandalone target not found
[Package Manager] Server::EnsureServerProcessIsRunning -- launch failed, reason: Unity was launched with the -noUpm command-line argument
[Package Manager] UpmClient::Send -- Unable to send message (not connected to UPM process).
[Package Manager] Cannot connect to Unity Package Manager local server
Mono: successfully reloaded assembly
- Finished resetting the current domain, in  1.080 seconds
Domain Reload Profiling: 1511ms
	BeginReloadAssembly (151ms)
		ExecutionOrderSort (0ms)
		DisableScriptedObjects (5ms)
		BackupInstance (0ms)
		ReleaseScriptingObjects (0ms)
		CreateAndSetChildDomain (28ms)
	RebuildCommonClasses (38ms)
	RebuildNativeTypeToScriptingClass (11ms)
	initialDomainReloadingComplete (29ms)
	LoadAllAssembliesAndSetupDomain (201ms)
		LoadAssemblies (280ms)
		RebuildTransferFunctionScriptingTraits (0ms)
		AnalyzeDomain (9ms)
			TypeCache.Refresh (5ms)
				TypeCache.ScanAssembly (0ms)
			ScanForSourceGeneratedMonoScriptInfo (0ms)
			ResolveRequiredComponents (3ms)
	FinalizeReload (1081ms)
		ReleaseScriptCaches (0ms)
		RebuildScriptCaches (0ms)
		SetupLoadedEditorAssemblies (715ms)
			LogAssemblyErrors (0ms)
			InitializePlatformSupportModulesInManaged (9ms)
			SetLoadedEditorAssemblies (5ms)
			RefreshPlugins (0ms)
			BeforeProcessingInitializeOnLoad (78ms)
			ProcessInitializeOnLoadAttributes (421ms)
			ProcessInitializeOnLoadMethodAttributes (195ms)
			AfterProcessingInitializeOnLoad (7ms)
			EditorAssembliesLoaded (0ms)
		ExecutionOrderSort2 (0ms)
		AwakeInstancesAfterBackupRestoration (8ms)
Refreshing native plugins compatible for Editor in 13.65 ms, found 2 plugins.
Preloading 0 native plugins for Editor in 0.00 ms.
Unloading 2471 Unused Serialized files (Serialized files now loaded: 0)
Unloading 13 unused Assets / (27.0 KB). Loaded Objects now: 2981.
Memory consumption went from 108.8 MB to 108.8 MB.
Total: 7.057700 ms (FindLiveObjects: 0.210600 ms CreateObjectMapping: 0.156900 ms MarkObjects: 6.652600 ms  DeleteObjects: 0.036600 ms)

Prepare: number of updated asset objects reloaded= 0
AssetImportParameters requested are different than current active one (requested -> active):
  custom:video-decoder-webm-vp8: 9c59270c3fd7afecdb556c50c9e8de78 -> 
  custom:SearchIndexIgnoredProperties: e643bd26f0fe6173181afceb89e7c659 -> 
  custom:container-demuxer-ogg: 62fdf1f143b41e24485cea50d1cbac27 -> 
  custom:AudioImporter_EditorPlatform: d09bf68614088b80899f8185d706f6e7 -> 
  custom:video-decoder-ogg-theora: a1e56fd34408186e4bbccfd4996cb3dc -> 
  custom:framework-win-MediaFoundation: 216162199b28c13a410421893ffa2e32 -> 
  custom:video-encoder-webm-vp8: eb34c28f22e8b96e1ab97ce403110664 -> 
  custom:audio-decoder-ogg-vorbis: bf7c407c2cedff20999df2af8eb42d56 -> 
  custom:CustomObjectIndexerAttribute: 9a22284fe3817be447336de3de66b15e -> 
  custom:container-demuxer-webm: 4f35f7cbe854078d1ac9338744f61a02 -> 
  custom:audio-encoder-webm-vorbis: bf7c407c2cedff20999df2af8eb42d56 -> 
  custom:container-muxer-webm: aa71ff27fc2769a1b78a27578f13a17b -> 
========================================================================
Received Import Request.
  Time since last request: 105.609651 seconds.
  path: Assets/Sprites/OutlinedCircle.png
  artifactKey: Guid(d3b9b2f3baf17f94a9f1aecc743806f1) Importer(815301076,1909f56bfc062723c751e8b465ee728b)
Start importing Assets/Sprites/OutlinedCircle.png using Guid(d3b9b2f3baf17f94a9f1aecc743806f1) Importer(815301076,1909f56bfc062723c751e8b465ee728b) [PhysX] Initialized MultithreadedTaskDispatcher with 12 workers.
[PhysX] Initialized MultithreadedTaskDispatcher with 12 workers.
 -> (artifact id: '2b6e83da6e98154741ddb87c44246ad0') in 0.064311 seconds
Number of updated asset objects reloaded before import = 0
Number of asset objects unloaded after import = 3
========================================================================
Received Import Request.
  Time since last request: 2.102089 seconds.
  path: Assets/Materials/New Material.mat
  artifactKey: Guid(9e176bd44bdfe6e4ebff41a6295a38f0) Importer(815301076,1909f56bfc062723c751e8b465ee728b)
Start importing Assets/Materials/New Material.mat using Guid(9e176bd44bdfe6e4ebff41a6295a38f0) Importer(815301076,1909f56bfc062723c751e8b465ee728b) [PhysX] Initialized MultithreadedTaskDispatcher with 12 workers.
[PhysX] Initialized MultithreadedTaskDispatcher with 12 workers.
 -> (artifact id: 'd319478792ae0ca3ca3971e991e3ea92') in 0.044836 seconds
Number of updated asset objects reloaded before import = 0
Number of asset objects unloaded after import = 1
========================================================================
Received Import Request.
  Time since last request: 0.000019 seconds.
  path: Assets/Materials/OutlinedCircle.png
  artifactKey: Guid(2df00e9335a403b428a24d2d9ad86f2f) Importer(815301076,1909f56bfc062723c751e8b465ee728b)
Start importing Assets/Materials/OutlinedCircle.png using Guid(2df00e9335a403b428a24d2d9ad86f2f) Importer(815301076,1909f56bfc062723c751e8b465ee728b) [PhysX] Initialized MultithreadedTaskDispatcher with 12 workers.
[PhysX] Initialized MultithreadedTaskDispatcher with 12 workers.
 -> (artifact id: 'f386b7f81a14218f10e21cd038bceccb') in 0.006672 seconds
Number of updated asset objects reloaded before import = 0
Number of asset objects unloaded after import = 3
========================================================================
Received Import Request.
  Time since last request: 17.725495 seconds.
  path: Assets/Materials/Outline.mat
  artifactKey: Guid(ed1d013269ce1024f93a6b2cba58218a) Importer(815301076,1909f56bfc062723c751e8b465ee728b)
Start importing Assets/Materials/Outline.mat using Guid(ed1d013269ce1024f93a6b2cba58218a) Importer(815301076,1909f56bfc062723c751e8b465ee728b) [PhysX] Initialized MultithreadedTaskDispatcher with 12 workers.
[PhysX] Initialized MultithreadedTaskDispatcher with 12 workers.
 -> (artifact id: '1b971dfef877678f69abe93680d46a5b') in 0.228214 seconds
Number of updated asset objects reloaded before import = 0
Number of asset objects unloaded after import = 1
========================================================================
Received Prepare
Caller must complete domain reload
Begin MonoManager ReloadAssembly
Symbol file LoadedFromMemory is not a mono symbol file
- Loaded All Assemblies, in  0.437 seconds
Native extension for WindowsStandalone target not found
[Package Manager] Server::EnsureServerProcessIsRunning -- launch failed, reason: Unity was launched with the -noUpm command-line argument
[Package Manager] UpmClient::Send -- Unable to send message (not connected to UPM process).
[Package Manager] Cannot connect to Unity Package Manager local server
Mono: successfully reloaded assembly
- Finished resetting the current domain, in  1.042 seconds
Domain Reload Profiling: 1475ms
	BeginReloadAssembly (149ms)
		ExecutionOrderSort (0ms)
		DisableScriptedObjects (5ms)
		BackupInstance (0ms)
		ReleaseScriptingObjects (0ms)
		CreateAndSetChildDomain (32ms)
	RebuildCommonClasses (35ms)
	RebuildNativeTypeToScriptingClass (11ms)
	initialDomainReloadingComplete (28ms)
	LoadAllAssembliesAndSetupDomain (210ms)
		LoadAssemblies (284ms)
		RebuildTransferFunctionScriptingTraits (0ms)
		AnalyzeDomain (9ms)
			TypeCache.Refresh (5ms)
				TypeCache.ScanAssembly (0ms)
			ScanForSourceGeneratedMonoScriptInfo (0ms)
			ResolveRequiredComponents (3ms)
	FinalizeReload (1042ms)
		ReleaseScriptCaches (0ms)
		RebuildScriptCaches (0ms)
		SetupLoadedEditorAssemblies (669ms)
			LogAssemblyErrors (0ms)
			InitializePlatformSupportModulesInManaged (8ms)
			SetLoadedEditorAssemblies (3ms)
			RefreshPlugins (0ms)
			BeforeProcessingInitializeOnLoad (72ms)
			ProcessInitializeOnLoadAttributes (375ms)
			ProcessInitializeOnLoadMethodAttributes (202ms)
			AfterProcessingInitializeOnLoad (9ms)
			EditorAssembliesLoaded (0ms)
		ExecutionOrderSort2 (0ms)
		AwakeInstancesAfterBackupRestoration (8ms)
Refreshing native plugins compatible for Editor in 11.75 ms, found 2 plugins.
Preloading 0 native plugins for Editor in 0.00 ms.
Unloading 2470 Unused Serialized files (Serialized files now loaded: 0)
Unloading 13 unused Assets / (26.9 KB). Loaded Objects now: 3017.
Memory consumption went from 108.8 MB to 108.8 MB.
Total: 9.630000 ms (FindLiveObjects: 0.272000 ms CreateObjectMapping: 0.211600 ms MarkObjects: 9.093300 ms  DeleteObjects: 0.051800 ms)

Prepare: number of updated asset objects reloaded= 0
AssetImportParameters requested are different than current active one (requested -> active):
  custom:video-decoder-webm-vp8: 9c59270c3fd7afecdb556c50c9e8de78 -> 
  custom:SearchIndexIgnoredProperties: e643bd26f0fe6173181afceb89e7c659 -> 
  custom:container-demuxer-ogg: 62fdf1f143b41e24485cea50d1cbac27 -> 
  custom:AudioImporter_EditorPlatform: d09bf68614088b80899f8185d706f6e7 -> 
  custom:video-decoder-ogg-theora: a1e56fd34408186e4bbccfd4996cb3dc -> 
  custom:framework-win-MediaFoundation: 216162199b28c13a410421893ffa2e32 -> 
  custom:video-encoder-webm-vp8: eb34c28f22e8b96e1ab97ce403110664 -> 
  custom:audio-decoder-ogg-vorbis: bf7c407c2cedff20999df2af8eb42d56 -> 
  custom:CustomObjectIndexerAttribute: 9a22284fe3817be447336de3de66b15e -> 
  custom:container-demuxer-webm: 4f35f7cbe854078d1ac9338744f61a02 -> 
  custom:audio-encoder-webm-vorbis: bf7c407c2cedff20999df2af8eb42d56 -> 
  custom:container-muxer-webm: aa71ff27fc2769a1b78a27578f13a17b -> 
========================================================================
Received Import Request.
  Time since last request: 81.069215 seconds.
  path: Assets/Materials/Outline.mat
  artifactKey: Guid(ed1d013269ce1024f93a6b2cba58218a) Importer(815301076,1909f56bfc062723c751e8b465ee728b)
Start importing Assets/Materials/Outline.mat using Guid(ed1d013269ce1024f93a6b2cba58218a) Importer(815301076,1909f56bfc062723c751e8b465ee728b) [PhysX] Initialized MultithreadedTaskDispatcher with 12 workers.
[PhysX] Initialized MultithreadedTaskDispatcher with 12 workers.
 -> (artifact id: '86f15a9592c7480d8090c59fe0e63255') in 0.068610 seconds
Number of updated asset objects reloaded before import = 0
Number of asset objects unloaded after import = 1
========================================================================
Received Prepare
Trying to reload asset but can't find object on disk
Trying to reload asset but can't find object on disk
Trying to reload asset but can't find object on disk
Trying to reload asset but can't find object on disk
Trying to reload asset but can't find object on disk
Trying to reload asset but can't find object on disk
Trying to reload asset but can't find object on disk
Trying to reload asset but can't find object on disk
Trying to reload asset but can't find object on disk
Trying to reload asset but can't find object on disk
Trying to reload asset but can't find object on disk
Trying to reload asset but can't find object on disk
Trying to reload asset but can't find object on disk
Trying to reload asset but can't find object on disk
Trying to reload asset but can't find object on disk
Trying to reload asset but can't find object on disk
Trying to reload asset but can't find object on disk
Trying to reload asset but can't find object on disk
Trying to reload asset but can't find object on disk
Caller must complete domain reload
Begin MonoManager ReloadAssembly
- Loaded All Assemblies, in  0.249 seconds
Native extension for WindowsStandalone target not found
Mono: successfully reloaded assembly
- Finished resetting the current domain, in  0.394 seconds
Domain Reload Profiling: 640ms
	BeginReloadAssembly (163ms)
		ExecutionOrderSort (0ms)
		DisableScriptedObjects (7ms)
		BackupInstance (0ms)
		ReleaseScriptingObjects (0ms)
		CreateAndSetChildDomain (32ms)
	RebuildCommonClasses (34ms)
	RebuildNativeTypeToScriptingClass (12ms)
	initialDomainReloadingComplete (27ms)
	LoadAllAssembliesAndSetupDomain (10ms)
		LoadAssemblies (96ms)
		RebuildTransferFunctionScriptingTraits (0ms)
		AnalyzeDomain (7ms)
			TypeCache.Refresh (6ms)
				TypeCache.ScanAssembly (0ms)
			ScanForSourceGeneratedMonoScriptInfo (0ms)
			ResolveRequiredComponents (0ms)
	FinalizeReload (394ms)
		ReleaseScriptCaches (0ms)
		RebuildScriptCaches (0ms)
		SetupLoadedEditorAssemblies (269ms)
			LogAssemblyErrors (0ms)
			InitializePlatformSupportModulesInManaged (7ms)
			SetLoadedEditorAssemblies (7ms)
			RefreshPlugins (0ms)
			BeforeProcessingInitializeOnLoad (80ms)
			ProcessInitializeOnLoadAttributes (145ms)
			ProcessInitializeOnLoadMethodAttributes (19ms)
			AfterProcessingInitializeOnLoad (11ms)
			EditorAssembliesLoaded (0ms)
		ExecutionOrderSort2 (0ms)
		AwakeInstancesAfterBackupRestoration (7ms)
Refreshing native plugins compatible for Editor in 3.60 ms, found 0 plugins.
Preloading 0 native plugins for Editor in 0.00 ms.
Unloading 3 Unused Serialized files (Serialized files now loaded: 0)
Unloading 1090 unused Assets / (0.6 MB). Loaded Objects now: 1928.
Memory consumption went from 64.6 MB to 63.9 MB.
Total: 3.329800 ms (FindLiveObjects: 0.231800 ms CreateObjectMapping: 0.176300 ms MarkObjects: 2.098500 ms  DeleteObjects: 0.822100 ms)

Prepare: number of updated asset objects reloaded= 1
AssetImportParameters requested are different than current active one (requested -> active):
  custom:video-decoder-webm-vp8: 9c59270c3fd7afecdb556c50c9e8de78 -> 
  custom:SearchIndexIgnoredProperties: e643bd26f0fe6173181afceb89e7c659 -> 
  custom:container-demuxer-ogg: 62fdf1f143b41e24485cea50d1cbac27 -> 
  custom:AudioImporter_EditorPlatform: d09bf68614088b80899f8185d706f6e7 -> 
  custom:video-decoder-ogg-theora: a1e56fd34408186e4bbccfd4996cb3dc -> 
  custom:framework-win-MediaFoundation: 216162199b28c13a410421893ffa2e32 -> 
  custom:video-encoder-webm-vp8: eb34c28f22e8b96e1ab97ce403110664 -> 
  custom:audio-decoder-ogg-vorbis: bf7c407c2cedff20999df2af8eb42d56 -> 
  custom:CustomObjectIndexerAttribute: 9a22284fe3817be447336de3de66b15e -> 
  custom:container-demuxer-webm: 4f35f7cbe854078d1ac9338744f61a02 -> 
  custom:audio-encoder-webm-vorbis: bf7c407c2cedff20999df2af8eb42d56 -> 
  custom:container-muxer-webm: aa71ff27fc2769a1b78a27578f13a17b -> 
  custom:scripting/precompiled-assembly-types:log4net:  -> 019978558686b3dbe60f5be7e8a69682
  custom:scripting/precompiled-assembly-types:Analytics:  -> 05bf11764c25f7dcaad78f3406254b5b
  custom:scripting/precompiled-assembly-types:Unity.AI.Navigation.Editor:  -> 7eaf38f66973fde07200cf372b24130e
  custom:scripting/precompiled-assembly-types:UnityEngine.Purchasing.AppleStub:  -> 2b9067fe81ad7feb861cd01c35795d0a
  custom:scripting/precompiled-assembly-types:Unity.Timeline:  -> b058d380530d91aefff3cf869316d3f0
  custom:scripting/precompiled-assembly-types:Unity.Services.Core.Editor:  -> 659d2661994f4f8659c1d74a460ca598
  custom:scripting/precompiled-assembly-types:UnityEditor.Purchasing:  -> 34a9de9d7f3d57ae0879e0d7f40e5358
  custom:scripting/precompiled-assembly-types:Unity.AI.Navigation:  -> 5d8fa505e3253b9a2a456e2c28a1afb3
  custom:scripting/precompiled-assembly-types:Unity.AI.Navigation.Updater:  -> d2095ddf03fd615830d6dacf5841450d
  custom:scripting/monoscript/fileName/AnimationPlayableAsset.cs:  -> 009db08c97e92a2c69986ab256d074e2
  custom:scripting/precompiled-assembly-types:Unity.PlasticSCM.Editor:  -> 61b19ddb92073bec3b858fc919e16e73
  custom:scripting/precompiled-assembly-types:nunit.framework:  -> de9c6147ae45b4e3446d0e562fb3bbe3
  custom:scripting/precompiled-assembly-types:Unity.Services.Core.Registration:  -> 6ff2c253681b1c95fc4436f661813f21
  custom:scripting/precompiled-assembly-types:Unity.Plastic.Newtonsoft.Json:  -> c587937513b02a3c784dfd4229f1b707
  custom:scripting/monoscript/fileName/AnimationTrack.cs:  -> 579258c150686ede8cacf1f75da21715
  custom:scripting/precompiled-assembly-types:Unity.Services.Core:  -> c4ea740b8c627ef5d70424eaebadf8eb
  custom:scripting/precompiled-assembly-types:Unity.Plastic.Antlr3.Runtime:  -> 6770513df7cfb4050a1e6f0a02312f5b
  custom:scripting/precompiled-assembly-types:UnityEngine.Purchasing.SecurityStub:  -> e36de75dcfde6cea38a4540e822806ae
  custom:scripting/precompiled-assembly-types:Unity.Analytics.Tracker:  -> eb4191259480d4015a4c533d11e903a3
  custom:scripting/precompiled-assembly-types:Purchasing.Common:  -> f729027f5f0537254a771d0e3ca1c961
  custom:scripting/precompiled-assembly-types:Unity.Services.Core.Internal:  -> 1e9c119ae18ea096f569313836fded8f
  custom:scripting/monoscript/fileName/TextMeshProUGUI.cs:  -> b783d06a82b0620f102e3253b4b9fc9b
  custom:scripting/precompiled-assembly-types:UnityEngine.TestRunner:  -> f5758234275f5346968d00e3b1a1c0e4
  custom:scripting/precompiled-assembly-types:UnityEngine.Purchasing.Codeless:  -> 2486edc2432b82e054775468a2a1f67a
  custom:scripting/precompiled-assembly-types:Unity.Services.Analytics:  -> 15fc52bc2a698b15ca6722e0aa642c2d
  custom:scripting/precompiled-assembly-types:UnityEngine.Purchasing.SecurityCore:  -> 668717ea44f4c28225ab0446472023c2
  custom:scripting/precompiled-assembly-types:UnityEngine.Purchasing.AppleMacosStub:  -> 6746eb6e9e114e0f455423696f78a611
  custom:scripting/precompiled-assembly-types:UnityEngine.SpatialTracking:  -> fe8bd671b41f1462276b731bbb32d826
  custom:scripting/precompiled-assembly-types:Unity.Services.Core.Networking:  -> 61bebe50ea392373ad9b763369998b02
  custom:scripting/precompiled-assembly-types:Unity.Services.Core.Telemetry:  -> 93d339c2f6637582a5436fa1367ea7d7
  custom:scripting/precompiled-assembly-types:UnityEditor.SpatialTracking:  -> dd1905b8a8246178a3248fba44980e0b
  custom:scripting/precompiled-assembly-types:Unity.Analytics.Editor:  -> 5ac39bf3717918d2718f9b53eff9385d
  custom:scripting/precompiled-assembly-types:UnityEngine.Purchasing.Stores:  -> 6477e0df9f7844b11344f6ee717489b0
  custom:scripting/monoscript/fileName/TextMeshPro.cs:  -> 0cfab9de2f927cf0a5e3dc6276498acd
  custom:scripting/precompiled-assembly-types:Unity.Services.Core.Environments.Editor:  -> f1355bf4f026d58e92910acf350a95d8
  custom:scripting/precompiled-assembly-types:Unity.2D.Sprite.Editor:  -> 17bc6c182f43764addce77b58cdd60c9
  custom:scripting/precompiled-assembly-types:UnityEngine.Advertisements.DevX.Editor:  -> 449bc6495704356372c9c402e7625b84
  custom:scripting/precompiled-assembly-types:Unity.Analytics.DataPrivacy:  -> 26b42c534ec8986bc8635a082d6f0b0d
  custom:scripting/precompiled-assembly-types:Unity.Services.Core.Device:  -> 63b48da9c583ff24a0dde69e3097501c
  custom:scripting/precompiled-assembly-types:Unity.Services.Core.Environments.Internal:  -> a94ac62d8b6ab44e5914a671ad4dd355
  custom:scripting/precompiled-assembly-types:Unity.VSCode.Editor:  -> ce0f8be6c84057ddac8877610b9e6a0a
  custom:scripting/precompiled-assembly-types:Unity.CollabProxy.Editor:  -> 9fe11a58ab4efabc40e3993980369fc4
  custom:scripting/precompiled-assembly-types:Newtonsoft.Json:  -> a784019f7e79cf0f65e748d41d4ceb44
  custom:scripting/precompiled-assembly-types:UnityEngine.Purchasing.WinRTCore:  -> 0ecabfe4902ebf05bf7967d421dad515
  custom:scripting/precompiled-assembly-types:UnityEngine.Advertisements:  -> eddddc804f85d325d3f2cfb2febf94fd
  custom:scripting/precompiled-assembly-types:Unity.Services.Core.Configuration.Editor:  -> 9ec415489f81483910eef61e419cb1d9
  custom:scripting/precompiled-assembly-types:Unity.Timeline.Editor:  -> 534d7c71c4dd9147ea00599cede121e1
  custom:scripting/precompiled-assembly-types:UnityEngine.XR.LegacyInputHelpers:  -> da96c0e3ee4a99cfbe3f49c08ef62202
  custom:scripting/precompiled-assembly-types:UnityEngine.Purchasing.WinRTStub:  -> 4df8d93f4dc79ac76824cf4f14369f6c
  custom:scripting/precompiled-assembly-types:UnityEngine.UI:  -> f762135bac905e34e2b540c872c48817
  custom:scripting/precompiled-assembly-types:Unity.Services.Core.Configuration:  -> f7859697b434adc89f377c95a9589d8a
  custom:scripting/precompiled-assembly-types:UnityEngine.Purchasing.AppleCore:  -> fc2cbcc079e01cf4f7ba8cec2f945127
  custom:scripting/precompiled-assembly-types:UnityEngine.Advertisements.Editor:  -> f05c6ef344003dc4beb91632ad6a3d4b
  custom:scripting/monoscript/fileName/TimelineAsset.cs:  -> 922c4504d3900c9d0f1009b93072bf15
  custom:scripting/precompiled-assembly-types:UnityEngine.Purchasing:  -> 18e01c65f78592a512b840b159dbf63a
  custom:scripting/precompiled-assembly-types:Unity.TextMeshPro.Editor:  -> 46ffe279a7239cd1fb74eb9c5ab5b5d8
  custom:scripting/precompiled-assembly-types:Unity.VisualStudio.Editor:  -> 8196c7ff3a716df6975b114b464f1975
  custom:scripting/precompiled-assembly-types:Unity.Services.Core.Environments:  -> b07b1f8809421d1b72991502cdcbc5ac
  custom:scripting/precompiled-assembly-types:Unity.Services.Analytics.Editor:  -> ceb02baa99ac115bdc82d472d2b0d601
  custom:scripting/precompiled-assembly-types:Unity.Services.Core.Analytics:  -> 7e90522691a1ed8cc152d6a40d3f03b4
  custom:scripting/monoscript/fileName/TrackAsset.cs:  -> 05c366eb01e12385210cbb2c784bc95b
  custom:scripting/precompiled-assembly-types:Unity.2D.Tilemap.Editor:  -> c63f35b4be2093bcf46770a8fbd6e1fe
  custom:scripting/precompiled-assembly-types:Unity.TextMeshPro:  -> 59230975e8163396a463bd906828ec67
  custom:scripting/precompiled-assembly-types:UnityEditor.TestRunner:  -> 1b08a5e3d69264f3b8177a3e839577fe
  custom:scripting/precompiled-assembly-types:UnityEditor.UI:  -> 6bae215471362000d6dbd3e0ee304a50
  custom:scripting/monoscript/fileName/TimelineWindow.cs:  -> 1ecae22b1c6d42e0f96084d9a8d5699a
  custom:scripting/precompiled-assembly-types:Unity.Services.Core.Scheduler:  -> c5a24b90c03f14c29ba6bebda52c3c14
  custom:scripting/precompiled-assembly-types:JetBrains.Rider.PathLocator:  -> cc0f6b5fd89737b9c88f7fff1881167a
  custom:scripting/precompiled-assembly-types:Unity.AI.Navigation.Editor.ConversionSystem:  -> 27c718e5de2659aeeb663e092dc21158
  custom:scripting/precompiled-assembly-types:unityplastic:  -> fafbcc8900ebc3adedea4fa84f653ed3
  custom:scripting/precompiled-assembly-types:Unity.Services.Core.Threading:  -> ca5820d3037e7034a063518fa47775e2
  custom:scripting/monoscript/fileName/TimelineAssetViewModel.cs:  -> 18a79fa063972d49f8538ad72ae7e75c
  custom:scripting/precompiled-assembly-types:Unity.Rider.Editor:  -> 5769424f89eeee7d96f0de4802f34024
  custom:scripting/precompiled-assembly-types:Unity.Analytics.StandardEvents:  -> 141d7ed544956c644b78fc48f252c94f
  custom:scripting/precompiled-assembly-types:UnityEditor.XR.LegacyInputHelpers:  -> 52acfc53051faf8d3716fd452f740f78
========================================================================
Received Prepare
Trying to reload asset but can't find object on disk
Trying to reload asset but can't find object on disk
Trying to reload asset but can't find object on disk
Trying to reload asset but can't find object on disk
Trying to reload asset but can't find object on disk
Trying to reload asset but can't find object on disk
Trying to reload asset but can't find object on disk
Trying to reload asset but can't find object on disk
Trying to reload asset but can't find object on disk
Trying to reload asset but can't find object on disk
Trying to reload asset but can't find object on disk
Trying to reload asset but can't find object on disk
Trying to reload asset but can't find object on disk
Trying to reload asset but can't find object on disk
Trying to reload asset but can't find object on disk
Trying to reload asset but can't find object on disk
Trying to reload asset but can't find object on disk
Trying to reload asset but can't find object on disk
Trying to reload asset but can't find object on disk
Caller must complete domain reload
Begin MonoManager ReloadAssembly
- Loaded All Assemblies, in  0.216 seconds
Native extension for WindowsStandalone target not found
Mono: successfully reloaded assembly
- Finished resetting the current domain, in  0.384 seconds
Domain Reload Profiling: 598ms
	BeginReloadAssembly (132ms)
		ExecutionOrderSort (0ms)
		DisableScriptedObjects (5ms)
		BackupInstance (0ms)
		ReleaseScriptingObjects (0ms)
		CreateAndSetChildDomain (15ms)
	RebuildCommonClasses (40ms)
	RebuildNativeTypeToScriptingClass (11ms)
	initialDomainReloadingComplete (24ms)
	LoadAllAssembliesAndSetupDomain (6ms)
		LoadAssemblies (85ms)
		RebuildTransferFunctionScriptingTraits (0ms)
		AnalyzeDomain (4ms)
			TypeCache.Refresh (3ms)
				TypeCache.ScanAssembly (0ms)
			ScanForSourceGeneratedMonoScriptInfo (0ms)
			ResolveRequiredComponents (0ms)
	FinalizeReload (384ms)
		ReleaseScriptCaches (0ms)
		RebuildScriptCaches (0ms)
		SetupLoadedEditorAssemblies (263ms)
			LogAssemblyErrors (0ms)
			InitializePlatformSupportModulesInManaged (7ms)
			SetLoadedEditorAssemblies (7ms)
			RefreshPlugins (0ms)
			BeforeProcessingInitializeOnLoad (69ms)
			ProcessInitializeOnLoadAttributes (150ms)
			ProcessInitializeOnLoadMethodAttributes (21ms)
			AfterProcessingInitializeOnLoad (8ms)
			EditorAssembliesLoaded (0ms)
		ExecutionOrderSort2 (0ms)
		AwakeInstancesAfterBackupRestoration (7ms)
Refreshing native plugins compatible for Editor in 6.04 ms, found 0 plugins.
Preloading 0 native plugins for Editor in 0.00 ms.
Unloading 4 Unused Serialized files (Serialized files now loaded: 0)
Unloading 1 unused Assets / (9.7 KB). Loaded Objects now: 1927.
Memory consumption went from 63.6 MB to 63.6 MB.
Total: 3.443900 ms (FindLiveObjects: 0.167300 ms CreateObjectMapping: 0.105400 ms MarkObjects: 3.148300 ms  DeleteObjects: 0.022200 ms)

Prepare: number of updated asset objects reloaded= 0
AssetImportParameters requested are different than current active one (requested -> active):
  custom:video-decoder-webm-vp8: 9c59270c3fd7afecdb556c50c9e8de78 -> 
  custom:SearchIndexIgnoredProperties: e643bd26f0fe6173181afceb89e7c659 -> 
  custom:container-demuxer-ogg: 62fdf1f143b41e24485cea50d1cbac27 -> 
  custom:AudioImporter_EditorPlatform: d09bf68614088b80899f8185d706f6e7 -> 
  custom:video-decoder-ogg-theora: a1e56fd34408186e4bbccfd4996cb3dc -> 
  custom:framework-win-MediaFoundation: 216162199b28c13a410421893ffa2e32 -> 
  custom:video-encoder-webm-vp8: eb34c28f22e8b96e1ab97ce403110664 -> 
  custom:audio-decoder-ogg-vorbis: bf7c407c2cedff20999df2af8eb42d56 -> 
  custom:CustomObjectIndexerAttribute: 9a22284fe3817be447336de3de66b15e -> 
  custom:container-demuxer-webm: 4f35f7cbe854078d1ac9338744f61a02 -> 
  custom:audio-encoder-webm-vorbis: bf7c407c2cedff20999df2af8eb42d56 -> 
  custom:container-muxer-webm: aa71ff27fc2769a1b78a27578f13a17b -> 
  custom:scripting/precompiled-assembly-types:log4net:  -> 019978558686b3dbe60f5be7e8a69682
  custom:scripting/precompiled-assembly-types:Analytics:  -> 05bf11764c25f7dcaad78f3406254b5b
  custom:scripting/precompiled-assembly-types:Unity.AI.Navigation.Editor:  -> 7eaf38f66973fde07200cf372b24130e
  custom:scripting/precompiled-assembly-types:UnityEngine.Purchasing.AppleStub:  -> 2b9067fe81ad7feb861cd01c35795d0a
  custom:scripting/precompiled-assembly-types:Unity.Timeline:  -> b058d380530d91aefff3cf869316d3f0
  custom:scripting/precompiled-assembly-types:Unity.Services.Core.Editor:  -> 659d2661994f4f8659c1d74a460ca598
  custom:scripting/precompiled-assembly-types:UnityEditor.Purchasing:  -> 34a9de9d7f3d57ae0879e0d7f40e5358
  custom:scripting/precompiled-assembly-types:Unity.AI.Navigation:  -> 5d8fa505e3253b9a2a456e2c28a1afb3
  custom:scripting/precompiled-assembly-types:Unity.AI.Navigation.Updater:  -> d2095ddf03fd615830d6dacf5841450d
  custom:scripting/monoscript/fileName/AnimationPlayableAsset.cs:  -> 009db08c97e92a2c69986ab256d074e2
  custom:scripting/precompiled-assembly-types:Unity.PlasticSCM.Editor:  -> 61b19ddb92073bec3b858fc919e16e73
  custom:scripting/precompiled-assembly-types:nunit.framework:  -> de9c6147ae45b4e3446d0e562fb3bbe3
  custom:scripting/precompiled-assembly-types:Unity.Services.Core.Registration:  -> 6ff2c253681b1c95fc4436f661813f21
  custom:scripting/precompiled-assembly-types:Unity.Plastic.Newtonsoft.Json:  -> c587937513b02a3c784dfd4229f1b707
  custom:scripting/monoscript/fileName/AnimationTrack.cs:  -> 579258c150686ede8cacf1f75da21715
  custom:scripting/precompiled-assembly-types:Unity.Services.Core:  -> c4ea740b8c627ef5d70424eaebadf8eb
  custom:scripting/precompiled-assembly-types:Unity.Plastic.Antlr3.Runtime:  -> 6770513df7cfb4050a1e6f0a02312f5b
  custom:scripting/precompiled-assembly-types:UnityEngine.Purchasing.SecurityStub:  -> e36de75dcfde6cea38a4540e822806ae
  custom:scripting/precompiled-assembly-types:Unity.Analytics.Tracker:  -> eb4191259480d4015a4c533d11e903a3
  custom:scripting/precompiled-assembly-types:Purchasing.Common:  -> f729027f5f0537254a771d0e3ca1c961
  custom:scripting/precompiled-assembly-types:Unity.Services.Core.Internal:  -> 1e9c119ae18ea096f569313836fded8f
  custom:scripting/monoscript/fileName/TextMeshProUGUI.cs:  -> b783d06a82b0620f102e3253b4b9fc9b
  custom:scripting/precompiled-assembly-types:UnityEngine.TestRunner:  -> f5758234275f5346968d00e3b1a1c0e4
  custom:scripting/precompiled-assembly-types:UnityEngine.Purchasing.Codeless:  -> 2486edc2432b82e054775468a2a1f67a
  custom:scripting/precompiled-assembly-types:Unity.Services.Analytics:  -> 15fc52bc2a698b15ca6722e0aa642c2d
  custom:scripting/precompiled-assembly-types:UnityEngine.Purchasing.SecurityCore:  -> 668717ea44f4c28225ab0446472023c2
  custom:scripting/precompiled-assembly-types:UnityEngine.Purchasing.AppleMacosStub:  -> 6746eb6e9e114e0f455423696f78a611
  custom:scripting/precompiled-assembly-types:UnityEngine.SpatialTracking:  -> fe8bd671b41f1462276b731bbb32d826
  custom:scripting/precompiled-assembly-types:Unity.Services.Core.Networking:  -> 61bebe50ea392373ad9b763369998b02
  custom:scripting/precompiled-assembly-types:Unity.Services.Core.Telemetry:  -> 93d339c2f6637582a5436fa1367ea7d7
  custom:scripting/precompiled-assembly-types:UnityEditor.SpatialTracking:  -> dd1905b8a8246178a3248fba44980e0b
  custom:scripting/precompiled-assembly-types:Unity.Analytics.Editor:  -> 5ac39bf3717918d2718f9b53eff9385d
  custom:scripting/precompiled-assembly-types:UnityEngine.Purchasing.Stores:  -> 6477e0df9f7844b11344f6ee717489b0
  custom:scripting/monoscript/fileName/TextMeshPro.cs:  -> 0cfab9de2f927cf0a5e3dc6276498acd
  custom:scripting/precompiled-assembly-types:Unity.Services.Core.Environments.Editor:  -> f1355bf4f026d58e92910acf350a95d8
  custom:scripting/precompiled-assembly-types:Unity.2D.Sprite.Editor:  -> 17bc6c182f43764addce77b58cdd60c9
  custom:scripting/precompiled-assembly-types:UnityEngine.Advertisements.DevX.Editor:  -> 449bc6495704356372c9c402e7625b84
  custom:scripting/precompiled-assembly-types:Unity.Analytics.DataPrivacy:  -> 26b42c534ec8986bc8635a082d6f0b0d
  custom:scripting/precompiled-assembly-types:Unity.Services.Core.Device:  -> 63b48da9c583ff24a0dde69e3097501c
  custom:scripting/precompiled-assembly-types:Unity.Services.Core.Environments.Internal:  -> a94ac62d8b6ab44e5914a671ad4dd355
  custom:scripting/precompiled-assembly-types:Unity.VSCode.Editor:  -> ce0f8be6c84057ddac8877610b9e6a0a
  custom:scripting/precompiled-assembly-types:Unity.CollabProxy.Editor:  -> 9fe11a58ab4efabc40e3993980369fc4
  custom:scripting/precompiled-assembly-types:Newtonsoft.Json:  -> a784019f7e79cf0f65e748d41d4ceb44
  custom:scripting/precompiled-assembly-types:UnityEngine.Purchasing.WinRTCore:  -> 0ecabfe4902ebf05bf7967d421dad515
  custom:scripting/precompiled-assembly-types:UnityEngine.Advertisements:  -> eddddc804f85d325d3f2cfb2febf94fd
  custom:scripting/precompiled-assembly-types:Unity.Services.Core.Configuration.Editor:  -> 9ec415489f81483910eef61e419cb1d9
  custom:scripting/precompiled-assembly-types:Unity.Timeline.Editor:  -> 534d7c71c4dd9147ea00599cede121e1
  custom:scripting/precompiled-assembly-types:UnityEngine.XR.LegacyInputHelpers:  -> da96c0e3ee4a99cfbe3f49c08ef62202
  custom:scripting/precompiled-assembly-types:UnityEngine.Purchasing.WinRTStub:  -> 4df8d93f4dc79ac76824cf4f14369f6c
  custom:scripting/precompiled-assembly-types:UnityEngine.UI:  -> f762135bac905e34e2b540c872c48817
  custom:scripting/precompiled-assembly-types:Unity.Services.Core.Configuration:  -> f7859697b434adc89f377c95a9589d8a
  custom:scripting/precompiled-assembly-types:UnityEngine.Purchasing.AppleCore:  -> fc2cbcc079e01cf4f7ba8cec2f945127
  custom:scripting/precompiled-assembly-types:UnityEngine.Advertisements.Editor:  -> f05c6ef344003dc4beb91632ad6a3d4b
  custom:scripting/monoscript/fileName/TimelineAsset.cs:  -> 922c4504d3900c9d0f1009b93072bf15
  custom:scripting/precompiled-assembly-types:UnityEngine.Purchasing:  -> 18e01c65f78592a512b840b159dbf63a
  custom:scripting/precompiled-assembly-types:Unity.TextMeshPro.Editor:  -> 46ffe279a7239cd1fb74eb9c5ab5b5d8
  custom:scripting/precompiled-assembly-types:Unity.VisualStudio.Editor:  -> 8196c7ff3a716df6975b114b464f1975
  custom:scripting/precompiled-assembly-types:Unity.Services.Core.Environments:  -> b07b1f8809421d1b72991502cdcbc5ac
  custom:scripting/precompiled-assembly-types:Unity.Services.Analytics.Editor:  -> ceb02baa99ac115bdc82d472d2b0d601
  custom:scripting/precompiled-assembly-types:Unity.Services.Core.Analytics:  -> 7e90522691a1ed8cc152d6a40d3f03b4
  custom:scripting/monoscript/fileName/TrackAsset.cs:  -> 05c366eb01e12385210cbb2c784bc95b
  custom:scripting/precompiled-assembly-types:Unity.2D.Tilemap.Editor:  -> c63f35b4be2093bcf46770a8fbd6e1fe
  custom:scripting/precompiled-assembly-types:Unity.TextMeshPro:  -> 59230975e8163396a463bd906828ec67
  custom:scripting/precompiled-assembly-types:UnityEditor.TestRunner:  -> 1b08a5e3d69264f3b8177a3e839577fe
  custom:scripting/precompiled-assembly-types:UnityEditor.UI:  -> 6bae215471362000d6dbd3e0ee304a50
  custom:scripting/monoscript/fileName/TimelineWindow.cs:  -> 1ecae22b1c6d42e0f96084d9a8d5699a
  custom:scripting/precompiled-assembly-types:Unity.Services.Core.Scheduler:  -> c5a24b90c03f14c29ba6bebda52c3c14
  custom:scripting/precompiled-assembly-types:JetBrains.Rider.PathLocator:  -> cc0f6b5fd89737b9c88f7fff1881167a
  custom:scripting/precompiled-assembly-types:Unity.AI.Navigation.Editor.ConversionSystem:  -> 27c718e5de2659aeeb663e092dc21158
  custom:scripting/precompiled-assembly-types:unityplastic:  -> fafbcc8900ebc3adedea4fa84f653ed3
  custom:scripting/precompiled-assembly-types:Unity.Services.Core.Threading:  -> ca5820d3037e7034a063518fa47775e2
  custom:scripting/monoscript/fileName/TimelineAssetViewModel.cs:  -> 18a79fa063972d49f8538ad72ae7e75c
  custom:scripting/precompiled-assembly-types:Unity.Rider.Editor:  -> 5769424f89eeee7d96f0de4802f34024
  custom:scripting/precompiled-assembly-types:Unity.Analytics.StandardEvents:  -> 141d7ed544956c644b78fc48f252c94f
  custom:scripting/precompiled-assembly-types:UnityEditor.XR.LegacyInputHelpers:  -> 52acfc53051faf8d3716fd452f740f78
