Using pre-set license
Built from '2022.3/staging' branch; Version is '2022.3.50f1 (c3db7f8bf9b1) revision 12835711'; Using compiler version '192829333'; Build Type 'Release'
OS: 'Windows 10  (10.0.19045) 64bit Professional' Language: 'en' Physical Memory: 16291 MB
BatchMode: 1, IsHumanControllingUs: 0, StartBugReporterOnCrash: 0, Is64bit: 1, IsPro: 1

COMMAND LINE ARGUMENTS:
C:\Program Files\Unity\Hub\Editor\2022.3.50f1\Editor\Unity.exe
-adb2
-batchMode
-noUpm
-name
AssetImportWorker1
-projectPath
C:/Users/User/DDTC
-logFile
Logs/AssetImportWorker1.log
-srvPort
56963
Successfully changed project path to: C:/Users/User/DDTC
C:/Users/User/DDTC
[UnityMemory] Configuration Parameters - Can be set up in boot.config
    "memorysetup-bucket-allocator-granularity=16"
    "memorysetup-bucket-allocator-bucket-count=8"
    "memorysetup-bucket-allocator-block-size=33554432"
    "memorysetup-bucket-allocator-block-count=8"
    "memorysetup-main-allocator-block-size=16777216"
    "memorysetup-thread-allocator-block-size=16777216"
    "memorysetup-gfx-main-allocator-block-size=16777216"
    "memorysetup-gfx-thread-allocator-block-size=16777216"
    "memorysetup-cache-allocator-block-size=4194304"
    "memorysetup-typetree-allocator-block-size=2097152"
    "memorysetup-profiler-bucket-allocator-granularity=16"
    "memorysetup-profiler-bucket-allocator-bucket-count=8"
    "memorysetup-profiler-bucket-allocator-block-size=33554432"
    "memorysetup-profiler-bucket-allocator-block-count=8"
    "memorysetup-profiler-allocator-block-size=16777216"
    "memorysetup-profiler-editor-allocator-block-size=1048576"
    "memorysetup-temp-allocator-size-main=16777216"
    "memorysetup-job-temp-allocator-block-size=2097152"
    "memorysetup-job-temp-allocator-block-size-background=1048576"
    "memorysetup-job-temp-allocator-reduction-small-platforms=262144"
    "memorysetup-allocator-temp-initial-block-size-main=262144"
    "memorysetup-allocator-temp-initial-block-size-worker=262144"
    "memorysetup-temp-allocator-size-background-worker=32768"
    "memorysetup-temp-allocator-size-job-worker=262144"
    "memorysetup-temp-allocator-size-preload-manager=33554432"
    "memorysetup-temp-allocator-size-nav-mesh-worker=65536"
    "memorysetup-temp-allocator-size-audio-worker=65536"
    "memorysetup-temp-allocator-size-cloud-worker=32768"
    "memorysetup-temp-allocator-size-gi-baking-worker=262144"
    "memorysetup-temp-allocator-size-gfx=262144"
Player connection [23072]  Target information:

Player connection [23072]  * "[IP] 192.168.101.165 [Port] 0 [Flags] 2 [Guid] 3399048722 [EditorId] 3399048722 [Version] 1048832 [Id] WindowsEditor(7,DESKTOP-SQI1976) [Debug] 1 [PackageName] WindowsEditor [ProjectName] Editor" 

Player connection [23072] Host joined multi-casting on [225.0.0.222:54997]...
Player connection [23072] Host joined alternative multi-casting on [225.0.0.222:34997]...
[PhysX] Initialized MultithreadedTaskDispatcher with 12 workers.
Refreshing native plugins compatible for Editor in 23.61 ms, found 2 plugins.
Preloading 0 native plugins for Editor in 0.00 ms.
Initialize engine version: 2022.3.50f1 (c3db7f8bf9b1)
[Subsystems] Discovering subsystems at path C:/Program Files/Unity/Hub/Editor/2022.3.50f1/Editor/Data/Resources/UnitySubsystems
[Subsystems] Discovering subsystems at path C:/Users/User/DDTC/Assets
GfxDevice: creating device client; threaded=0; jobified=0
Direct3D:
    Version:  Direct3D 11.0 [level 11.1]
    Renderer: NVIDIA GeForce RTX 2060 SUPER (ID=0x1f06)
    Vendor:   NVIDIA
    VRAM:     8006 MB
    Driver:   32.0.15.6094
Initialize mono
Mono path[0] = 'C:/Program Files/Unity/Hub/Editor/2022.3.50f1/Editor/Data/Managed'
Mono path[1] = 'C:/Program Files/Unity/Hub/Editor/2022.3.50f1/Editor/Data/MonoBleedingEdge/lib/mono/unityjit-win32'
Mono config path = 'C:/Program Files/Unity/Hub/Editor/2022.3.50f1/Editor/Data/MonoBleedingEdge/etc'
Using monoOptions --debugger-agent=transport=dt_socket,embedding=1,server=y,suspend=n,address=127.0.0.1:56388
Begin MonoManager ReloadAssembly
Registering precompiled unity dll's ...
Register platform support module: C:/Program Files/Unity/Hub/Editor/2022.3.50f1/Editor/Data/PlaybackEngines/WindowsStandaloneSupport/UnityEditor.WindowsStandalone.Extensions.dll
Registered in 0.009835 seconds.
- Loaded All Assemblies, in  0.444 seconds
Native extension for WindowsStandalone target not found
Mono: successfully reloaded assembly
- Finished resetting the current domain, in  0.411 seconds
Domain Reload Profiling: 853ms
	BeginReloadAssembly (136ms)
		ExecutionOrderSort (0ms)
		DisableScriptedObjects (0ms)
		BackupInstance (0ms)
		ReleaseScriptingObjects (0ms)
		CreateAndSetChildDomain (1ms)
	RebuildCommonClasses (44ms)
	RebuildNativeTypeToScriptingClass (12ms)
	initialDomainReloadingComplete (73ms)
	LoadAllAssembliesAndSetupDomain (176ms)
		LoadAssemblies (133ms)
		RebuildTransferFunctionScriptingTraits (0ms)
		AnalyzeDomain (174ms)
			TypeCache.Refresh (172ms)
				TypeCache.ScanAssembly (154ms)
			ScanForSourceGeneratedMonoScriptInfo (0ms)
			ResolveRequiredComponents (0ms)
	FinalizeReload (412ms)
		ReleaseScriptCaches (0ms)
		RebuildScriptCaches (0ms)
		SetupLoadedEditorAssemblies (353ms)
			LogAssemblyErrors (0ms)
			InitializePlatformSupportModulesInManaged (12ms)
			SetLoadedEditorAssemblies (8ms)
			RefreshPlugins (0ms)
			BeforeProcessingInitializeOnLoad (3ms)
			ProcessInitializeOnLoadAttributes (258ms)
			ProcessInitializeOnLoadMethodAttributes (72ms)
			AfterProcessingInitializeOnLoad (0ms)
			EditorAssembliesLoaded (0ms)
		ExecutionOrderSort2 (0ms)
		AwakeInstancesAfterBackupRestoration (0ms)
========================================================================
Worker process is ready to serve import requests
Caller must complete domain reload
Begin MonoManager ReloadAssembly
Symbol file LoadedFromMemory is not a mono symbol file
- Loaded All Assemblies, in  0.720 seconds
Native extension for WindowsStandalone target not found
Package Manager log level set to [2]
[Package Manager] Server::EnsureServerProcessIsRunning -- launch failed, reason: Unity was launched with the -noUpm command-line argument
[Package Manager] UpmClient::Send -- Unable to send message (not connected to UPM process).
[Package Manager] Cannot connect to Unity Package Manager local server
Mono: successfully reloaded assembly
- Finished resetting the current domain, in  0.862 seconds
Domain Reload Profiling: 1578ms
	BeginReloadAssembly (177ms)
		ExecutionOrderSort (0ms)
		DisableScriptedObjects (8ms)
		BackupInstance (0ms)
		ReleaseScriptingObjects (0ms)
		CreateAndSetChildDomain (23ms)
	RebuildCommonClasses (42ms)
	RebuildNativeTypeToScriptingClass (17ms)
	initialDomainReloadingComplete (53ms)
	LoadAllAssembliesAndSetupDomain (425ms)
		LoadAssemblies (380ms)
		RebuildTransferFunctionScriptingTraits (0ms)
		AnalyzeDomain (150ms)
			TypeCache.Refresh (123ms)
				TypeCache.ScanAssembly (100ms)
			ScanForSourceGeneratedMonoScriptInfo (21ms)
			ResolveRequiredComponents (5ms)
	FinalizeReload (862ms)
		ReleaseScriptCaches (0ms)
		RebuildScriptCaches (0ms)
		SetupLoadedEditorAssemblies (711ms)
			LogAssemblyErrors (0ms)
			InitializePlatformSupportModulesInManaged (7ms)
			SetLoadedEditorAssemblies (4ms)
			RefreshPlugins (0ms)
			BeforeProcessingInitializeOnLoad (85ms)
			ProcessInitializeOnLoadAttributes (425ms)
			ProcessInitializeOnLoadMethodAttributes (181ms)
			AfterProcessingInitializeOnLoad (10ms)
			EditorAssembliesLoaded (0ms)
		ExecutionOrderSort2 (0ms)
		AwakeInstancesAfterBackupRestoration (6ms)
Launched and connected shader compiler UnityShaderCompiler.exe after 0.04 seconds
Refreshing native plugins compatible for Editor in 14.17 ms, found 2 plugins.
Preloading 0 native plugins for Editor in 0.00 ms.
Unloading 2477 Unused Serialized files (Serialized files now loaded: 0)
Unloading 22 unused Assets / (53.0 KB). Loaded Objects now: 2952.
Memory consumption went from 104.7 MB to 104.7 MB.
Total: 7.340600 ms (FindLiveObjects: 0.220300 ms CreateObjectMapping: 0.207100 ms MarkObjects: 6.826400 ms  DeleteObjects: 0.085900 ms)

AssetImportParameters requested are different than current active one (requested -> active):
  custom:video-decoder-webm-vp8: 9c59270c3fd7afecdb556c50c9e8de78 -> 
  custom:SearchIndexIgnoredProperties: e643bd26f0fe6173181afceb89e7c659 -> 
  custom:container-demuxer-ogg: 62fdf1f143b41e24485cea50d1cbac27 -> 
  custom:AudioImporter_EditorPlatform: d09bf68614088b80899f8185d706f6e7 -> 
  custom:video-decoder-ogg-theora: a1e56fd34408186e4bbccfd4996cb3dc -> 
  custom:framework-win-MediaFoundation: 216162199b28c13a410421893ffa2e32 -> 
  custom:video-encoder-webm-vp8: eb34c28f22e8b96e1ab97ce403110664 -> 
  custom:audio-decoder-ogg-vorbis: bf7c407c2cedff20999df2af8eb42d56 -> 
  custom:CustomObjectIndexerAttribute: 9a22284fe3817be447336de3de66b15e -> 
  custom:container-demuxer-webm: 4f35f7cbe854078d1ac9338744f61a02 -> 
  custom:audio-encoder-webm-vorbis: bf7c407c2cedff20999df2af8eb42d56 -> 
  custom:container-muxer-webm: aa71ff27fc2769a1b78a27578f13a17b -> 
========================================================================
Received Import Request.
  Time since last request: 2663874.100093 seconds.
  path: Assets/Pet Cats pack/Sprites/Cat-1/Cat-1-Idle.png
  artifactKey: Guid(43bfa2b184972d548a99ff0ee9ab7a9f) Importer(815301076,1909f56bfc062723c751e8b465ee728b)
Start importing Assets/Pet Cats pack/Sprites/Cat-1/Cat-1-Idle.png using Guid(43bfa2b184972d548a99ff0ee9ab7a9f) Importer(815301076,1909f56bfc062723c751e8b465ee728b) [PhysX] Initialized MultithreadedTaskDispatcher with 12 workers.
[PhysX] Initialized MultithreadedTaskDispatcher with 12 workers.
 -> (artifact id: '8ad5298a0f8d145fa3b93f01702d5ebd') in 0.181610 seconds
Number of updated asset objects reloaded before import = 0
Number of asset objects unloaded after import = 12
========================================================================
Received Import Request.
  Time since last request: 0.000036 seconds.
  path: Assets/Pet Cats pack/Sprites/Cat-1/Cat-1-Licking 1.png
  artifactKey: Guid(0ba83ae3e39fa1e418bf74f5e82b1f5d) Importer(815301076,1909f56bfc062723c751e8b465ee728b)
Start importing Assets/Pet Cats pack/Sprites/Cat-1/Cat-1-Licking 1.png using Guid(0ba83ae3e39fa1e418bf74f5e82b1f5d) Importer(815301076,1909f56bfc062723c751e8b465ee728b) [PhysX] Initialized MultithreadedTaskDispatcher with 12 workers.
[PhysX] Initialized MultithreadedTaskDispatcher with 12 workers.
 -> (artifact id: 'b11c5e887e29b477040639795b986222') in 0.044692 seconds
Number of updated asset objects reloaded before import = 0
Number of asset objects unloaded after import = 7
========================================================================
Received Import Request.
  Time since last request: 0.000018 seconds.
  path: Assets/Pet Cats pack/Sprites/Cat-1/Cat-1-Run.png
  artifactKey: Guid(2ad3cc18f9a18b048a10527d2aa6ae46) Importer(815301076,1909f56bfc062723c751e8b465ee728b)
Start importing Assets/Pet Cats pack/Sprites/Cat-1/Cat-1-Run.png using Guid(2ad3cc18f9a18b048a10527d2aa6ae46) Importer(815301076,1909f56bfc062723c751e8b465ee728b) [PhysX] Initialized MultithreadedTaskDispatcher with 12 workers.
[PhysX] Initialized MultithreadedTaskDispatcher with 12 workers.
 -> (artifact id: '2b8904a4c744950a416c6ca1f2db0f62') in 0.070619 seconds
Number of updated asset objects reloaded before import = 0
Number of asset objects unloaded after import = 10
========================================================================
Received Import Request.
  Time since last request: 68.150361 seconds.
  path: Assets/Platform tile pack/ArtWork/Tiles/Tileset_0.asset
  artifactKey: Guid(e75dfab64b09f364cb5a41289e50fc9a) Importer(815301076,1909f56bfc062723c751e8b465ee728b)
Start importing Assets/Platform tile pack/ArtWork/Tiles/Tileset_0.asset using Guid(e75dfab64b09f364cb5a41289e50fc9a) Importer(815301076,1909f56bfc062723c751e8b465ee728b) [PhysX] Initialized MultithreadedTaskDispatcher with 12 workers.
 -> (artifact id: '708dd31a156a0799ebdeb6a291ded434') in 0.023720 seconds
Number of updated asset objects reloaded before import = 0
Number of asset objects unloaded after import = 3
========================================================================
Received Import Request.
  Time since last request: 0.000017 seconds.
  path: Assets/Platform tile pack/ArtWork/Tiles/Tileset_13.asset
  artifactKey: Guid(596e3483ffd9cc442a116ff3f1018a6d) Importer(815301076,1909f56bfc062723c751e8b465ee728b)
Start importing Assets/Platform tile pack/ArtWork/Tiles/Tileset_13.asset using Guid(596e3483ffd9cc442a116ff3f1018a6d) Importer(815301076,1909f56bfc062723c751e8b465ee728b) [PhysX] Initialized MultithreadedTaskDispatcher with 12 workers.
 -> (artifact id: '05bd1369cd1a8c66f1bcbe25362c1621') in 0.009816 seconds
Number of updated asset objects reloaded before import = 0
Number of asset objects unloaded after import = 3
========================================================================
Received Import Request.
  Time since last request: 0.000016 seconds.
  path: Assets/Platform tile pack/ArtWork/Tiles/Tileset_19.asset
  artifactKey: Guid(ced1be987d85e894481d3d81621b6dc9) Importer(815301076,1909f56bfc062723c751e8b465ee728b)
Start importing Assets/Platform tile pack/ArtWork/Tiles/Tileset_19.asset using Guid(ced1be987d85e894481d3d81621b6dc9) Importer(815301076,1909f56bfc062723c751e8b465ee728b) [PhysX] Initialized MultithreadedTaskDispatcher with 12 workers.
 -> (artifact id: '39e9abe1546514ca25713851b3474195') in 0.009488 seconds
Number of updated asset objects reloaded before import = 0
Number of asset objects unloaded after import = 3
========================================================================
Received Import Request.
  Time since last request: 0.000023 seconds.
  path: Assets/Platform tile pack/ArtWork/Tiles/Tileset_36.asset
  artifactKey: Guid(5c3c5235aea01414a8c4d23ba380a65c) Importer(815301076,1909f56bfc062723c751e8b465ee728b)
Start importing Assets/Platform tile pack/ArtWork/Tiles/Tileset_36.asset using Guid(5c3c5235aea01414a8c4d23ba380a65c) Importer(815301076,1909f56bfc062723c751e8b465ee728b) [PhysX] Initialized MultithreadedTaskDispatcher with 12 workers.
 -> (artifact id: '1a27d4e192319e4ffd3b689b97bcbc49') in 0.010777 seconds
Number of updated asset objects reloaded before import = 0
Number of asset objects unloaded after import = 3
========================================================================
Received Import Request.
  Time since last request: 0.000014 seconds.
  path: Assets/Platform tile pack/ArtWork/Tiles/Tileset_45.asset
  artifactKey: Guid(212b675a2f56fe3489f9036963963ee1) Importer(815301076,1909f56bfc062723c751e8b465ee728b)
Start importing Assets/Platform tile pack/ArtWork/Tiles/Tileset_45.asset using Guid(212b675a2f56fe3489f9036963963ee1) Importer(815301076,1909f56bfc062723c751e8b465ee728b) [PhysX] Initialized MultithreadedTaskDispatcher with 12 workers.
 -> (artifact id: '68ef1cc5c813e14720dea5e078d362db') in 0.009470 seconds
Number of updated asset objects reloaded before import = 0
Number of asset objects unloaded after import = 3
========================================================================
Received Import Request.
  Time since last request: 0.000028 seconds.
  path: Assets/Platform tile pack/ArtWork/Tiles/Tileset_9.asset
  artifactKey: Guid(a71ac8a35a8b09f4dbf12a3362277f76) Importer(815301076,1909f56bfc062723c751e8b465ee728b)
Start importing Assets/Platform tile pack/ArtWork/Tiles/Tileset_9.asset using Guid(a71ac8a35a8b09f4dbf12a3362277f76) Importer(815301076,1909f56bfc062723c751e8b465ee728b) [PhysX] Initialized MultithreadedTaskDispatcher with 12 workers.
 -> (artifact id: '709dd1eb83e4277a65f784fd070db530') in 0.009467 seconds
Number of updated asset objects reloaded before import = 0
Number of asset objects unloaded after import = 3
========================================================================
Received Import Request.
  Time since last request: 0.000014 seconds.
  path: Assets/Platform tile pack/ArtWork/Tiles/Tileset_37.asset
  artifactKey: Guid(21e2c297d67d52a42a7f475fab98fdec) Importer(815301076,1909f56bfc062723c751e8b465ee728b)
Start importing Assets/Platform tile pack/ArtWork/Tiles/Tileset_37.asset using Guid(21e2c297d67d52a42a7f475fab98fdec) Importer(815301076,1909f56bfc062723c751e8b465ee728b) [PhysX] Initialized MultithreadedTaskDispatcher with 12 workers.
 -> (artifact id: 'e67ff386c9a4405515df0f07bb28b4d9') in 0.009377 seconds
Number of updated asset objects reloaded before import = 0
Number of asset objects unloaded after import = 3
========================================================================
Received Import Request.
  Time since last request: 0.000013 seconds.
  path: Assets/Platform tile pack/ArtWork/Tiles/Tileset_49.asset
  artifactKey: Guid(ea575859c80782f41aaca39fe4c19ebe) Importer(815301076,1909f56bfc062723c751e8b465ee728b)
Start importing Assets/Platform tile pack/ArtWork/Tiles/Tileset_49.asset using Guid(ea575859c80782f41aaca39fe4c19ebe) Importer(815301076,1909f56bfc062723c751e8b465ee728b) [PhysX] Initialized MultithreadedTaskDispatcher with 12 workers.
 -> (artifact id: '0df11df4003b9fc1140a10d19d8ceea9') in 0.009124 seconds
Number of updated asset objects reloaded before import = 0
Number of asset objects unloaded after import = 3
========================================================================
Received Import Request.
  Time since last request: 0.000014 seconds.
  path: Assets/Platform tile pack/ArtWork/Tiles/Tileset_10.asset
  artifactKey: Guid(58e1f5676beead643bb075afbb4fb334) Importer(815301076,1909f56bfc062723c751e8b465ee728b)
Start importing Assets/Platform tile pack/ArtWork/Tiles/Tileset_10.asset using Guid(58e1f5676beead643bb075afbb4fb334) Importer(815301076,1909f56bfc062723c751e8b465ee728b) [PhysX] Initialized MultithreadedTaskDispatcher with 12 workers.
 -> (artifact id: '065e645e69af3c1ccaaea3fedd550999') in 0.008574 seconds
Number of updated asset objects reloaded before import = 0
Number of asset objects unloaded after import = 3
========================================================================
Received Import Request.
  Time since last request: 0.000015 seconds.
  path: Assets/Platform tile pack/ArtWork/Tiles/Tileset_2.asset
  artifactKey: Guid(fd23352cb7ddd394395a27114adbaebe) Importer(815301076,1909f56bfc062723c751e8b465ee728b)
Start importing Assets/Platform tile pack/ArtWork/Tiles/Tileset_2.asset using Guid(fd23352cb7ddd394395a27114adbaebe) Importer(815301076,1909f56bfc062723c751e8b465ee728b) [PhysX] Initialized MultithreadedTaskDispatcher with 12 workers.
 -> (artifact id: '55be76241d988d6262f38fa62400250c') in 0.009732 seconds
Number of updated asset objects reloaded before import = 0
Number of asset objects unloaded after import = 3
========================================================================
Received Import Request.
  Time since last request: 0.000014 seconds.
  path: Assets/Platform tile pack/ArtWork/Tiles/Tileset_40.asset
  artifactKey: Guid(318b928f7b945de4f928bce627770cfc) Importer(815301076,1909f56bfc062723c751e8b465ee728b)
Start importing Assets/Platform tile pack/ArtWork/Tiles/Tileset_40.asset using Guid(318b928f7b945de4f928bce627770cfc) Importer(815301076,1909f56bfc062723c751e8b465ee728b) [PhysX] Initialized MultithreadedTaskDispatcher with 12 workers.
 -> (artifact id: '644355d77609c04fcb45f898fe5eb163') in 0.009449 seconds
Number of updated asset objects reloaded before import = 0
Number of asset objects unloaded after import = 3
========================================================================
Received Import Request.
  Time since last request: 0.000020 seconds.
  path: Assets/Platform tile pack/ArtWork/Tiles/Tileset_48.asset
  artifactKey: Guid(c5c9b8bd09afca4458f85a98c693b929) Importer(815301076,1909f56bfc062723c751e8b465ee728b)
Start importing Assets/Platform tile pack/ArtWork/Tiles/Tileset_48.asset using Guid(c5c9b8bd09afca4458f85a98c693b929) Importer(815301076,1909f56bfc062723c751e8b465ee728b) [PhysX] Initialized MultithreadedTaskDispatcher with 12 workers.
 -> (artifact id: 'd8b5ff77d6d827772d0330cb42c9f7fa') in 0.009296 seconds
Number of updated asset objects reloaded before import = 0
Number of asset objects unloaded after import = 3
========================================================================
Received Import Request.
  Time since last request: 0.000015 seconds.
  path: Assets/Platform tile pack/ArtWork/Tiles/Tileset_43.asset
  artifactKey: Guid(f3d630f6d496e6c4ba7ea882f1fe553c) Importer(815301076,1909f56bfc062723c751e8b465ee728b)
Start importing Assets/Platform tile pack/ArtWork/Tiles/Tileset_43.asset using Guid(f3d630f6d496e6c4ba7ea882f1fe553c) Importer(815301076,1909f56bfc062723c751e8b465ee728b) [PhysX] Initialized MultithreadedTaskDispatcher with 12 workers.
 -> (artifact id: '571be9c79450f53fa0e72aa22646f9ba') in 0.009064 seconds
Number of updated asset objects reloaded before import = 0
Number of asset objects unloaded after import = 3
========================================================================
Received Import Request.
  Time since last request: 0.000018 seconds.
  path: Assets/Platform tile pack/ArtWork/Tiles/Tileset_18.asset
  artifactKey: Guid(f2d6b570f5f28c1488b8c127441b7714) Importer(815301076,1909f56bfc062723c751e8b465ee728b)
Start importing Assets/Platform tile pack/ArtWork/Tiles/Tileset_18.asset using Guid(f2d6b570f5f28c1488b8c127441b7714) Importer(815301076,1909f56bfc062723c751e8b465ee728b) [PhysX] Initialized MultithreadedTaskDispatcher with 12 workers.
 -> (artifact id: '0e96f9b9888ef824eee58f6a1ce06483') in 0.008969 seconds
Number of updated asset objects reloaded before import = 0
Number of asset objects unloaded after import = 3
========================================================================
Received Import Request.
  Time since last request: 0.000014 seconds.
  path: Assets/Platform tile pack/ArtWork/Tiles/Tileset_5.asset
  artifactKey: Guid(c1a5f62c5235afd4daa5be870678f0c6) Importer(815301076,1909f56bfc062723c751e8b465ee728b)
Start importing Assets/Platform tile pack/ArtWork/Tiles/Tileset_5.asset using Guid(c1a5f62c5235afd4daa5be870678f0c6) Importer(815301076,1909f56bfc062723c751e8b465ee728b) [PhysX] Initialized MultithreadedTaskDispatcher with 12 workers.
 -> (artifact id: '104265058cdbc30de88b690c221c87b8') in 0.008816 seconds
Number of updated asset objects reloaded before import = 0
Number of asset objects unloaded after import = 3
========================================================================
Received Import Request.
  Time since last request: 0.000018 seconds.
  path: Assets/Platform tile pack/ArtWork/Tiles/Tileset_30.asset
  artifactKey: Guid(5a9f6df97df2fbc46b52a45ed924fa5b) Importer(815301076,1909f56bfc062723c751e8b465ee728b)
Start importing Assets/Platform tile pack/ArtWork/Tiles/Tileset_30.asset using Guid(5a9f6df97df2fbc46b52a45ed924fa5b) Importer(815301076,1909f56bfc062723c751e8b465ee728b) [PhysX] Initialized MultithreadedTaskDispatcher with 12 workers.
 -> (artifact id: '4286d6b2ee9fe2095895501a8e2e83fc') in 0.004770 seconds
Number of updated asset objects reloaded before import = 0
Number of asset objects unloaded after import = 3
========================================================================
Received Import Request.
  Time since last request: 0.000014 seconds.
  path: Assets/Platform tile pack/ArtWork/Tiles/Tileset_20.asset
  artifactKey: Guid(0a51796b08f2adc42908558acf5852db) Importer(815301076,1909f56bfc062723c751e8b465ee728b)
Start importing Assets/Platform tile pack/ArtWork/Tiles/Tileset_20.asset using Guid(0a51796b08f2adc42908558acf5852db) Importer(815301076,1909f56bfc062723c751e8b465ee728b) [PhysX] Initialized MultithreadedTaskDispatcher with 12 workers.
 -> (artifact id: '62dd6a7d0ece80b0a754825080215005') in 0.010233 seconds
Number of updated asset objects reloaded before import = 0
Number of asset objects unloaded after import = 3
========================================================================
Received Import Request.
  Time since last request: 0.000015 seconds.
  path: Assets/Platform tile pack/ArtWork/Tiles/Tileset_28.asset
  artifactKey: Guid(2a9c9f904a2908c4a8fa929687241ff1) Importer(815301076,1909f56bfc062723c751e8b465ee728b)
Start importing Assets/Platform tile pack/ArtWork/Tiles/Tileset_28.asset using Guid(2a9c9f904a2908c4a8fa929687241ff1) Importer(815301076,1909f56bfc062723c751e8b465ee728b) [PhysX] Initialized MultithreadedTaskDispatcher with 12 workers.
 -> (artifact id: '061266823d6648d5130286b7a9e1281d') in 0.008857 seconds
Number of updated asset objects reloaded before import = 0
Number of asset objects unloaded after import = 3
========================================================================
Received Import Request.
  Time since last request: 0.000016 seconds.
  path: Assets/Platform tile pack/ArtWork/Tiles/Tileset_27.asset
  artifactKey: Guid(51475e54825946c4ba2937113d957bab) Importer(815301076,1909f56bfc062723c751e8b465ee728b)
Start importing Assets/Platform tile pack/ArtWork/Tiles/Tileset_27.asset using Guid(51475e54825946c4ba2937113d957bab) Importer(815301076,1909f56bfc062723c751e8b465ee728b) [PhysX] Initialized MultithreadedTaskDispatcher with 12 workers.
 -> (artifact id: '28b13f0f412eb0e22e8997934b91215c') in 0.009539 seconds
Number of updated asset objects reloaded before import = 0
Number of asset objects unloaded after import = 3
========================================================================
Received Import Request.
  Time since last request: 0.000015 seconds.
  path: Assets/Platform tile pack/ArtWork/Tiles/Tileset_11.asset
  artifactKey: Guid(ac4f7f048f7e1db4cb6664d5cce61623) Importer(815301076,1909f56bfc062723c751e8b465ee728b)
Start importing Assets/Platform tile pack/ArtWork/Tiles/Tileset_11.asset using Guid(ac4f7f048f7e1db4cb6664d5cce61623) Importer(815301076,1909f56bfc062723c751e8b465ee728b) [PhysX] Initialized MultithreadedTaskDispatcher with 12 workers.
 -> (artifact id: 'f4c82e166df7d201d58c4eef59969d2b') in 0.009998 seconds
Number of updated asset objects reloaded before import = 0
Number of asset objects unloaded after import = 3
========================================================================
Received Import Request.
  Time since last request: 0.000017 seconds.
  path: Assets/Platform tile pack/ArtWork/Tiles/Tileset_39.asset
  artifactKey: Guid(e4bfa5a1087d88341bf191654927309c) Importer(815301076,1909f56bfc062723c751e8b465ee728b)
Start importing Assets/Platform tile pack/ArtWork/Tiles/Tileset_39.asset using Guid(e4bfa5a1087d88341bf191654927309c) Importer(815301076,1909f56bfc062723c751e8b465ee728b) [PhysX] Initialized MultithreadedTaskDispatcher with 12 workers.
 -> (artifact id: '6b4ea07b8330326df09b59287ac52e26') in 0.010034 seconds
Number of updated asset objects reloaded before import = 0
Number of asset objects unloaded after import = 3
========================================================================
Received Import Request.
  Time since last request: 0.000021 seconds.
  path: Assets/Platform tile pack/ArtWork/Tiles/Tileset_41.asset
  artifactKey: Guid(49f1ab7496af14b40a1fb9a022235c94) Importer(815301076,1909f56bfc062723c751e8b465ee728b)
Start importing Assets/Platform tile pack/ArtWork/Tiles/Tileset_41.asset using Guid(49f1ab7496af14b40a1fb9a022235c94) Importer(815301076,1909f56bfc062723c751e8b465ee728b) [PhysX] Initialized MultithreadedTaskDispatcher with 12 workers.
 -> (artifact id: '5a65204cbbe0dcc6496cf7d8d4cb4958') in 0.010202 seconds
Number of updated asset objects reloaded before import = 0
Number of asset objects unloaded after import = 3
========================================================================
Received Import Request.
  Time since last request: 0.000015 seconds.
  path: Assets/Platform tile pack/ArtWork/Tiles/Tileset_4.asset
  artifactKey: Guid(fd21828b4d65260479ee9eda7fa891eb) Importer(815301076,1909f56bfc062723c751e8b465ee728b)
Start importing Assets/Platform tile pack/ArtWork/Tiles/Tileset_4.asset using Guid(fd21828b4d65260479ee9eda7fa891eb) Importer(815301076,1909f56bfc062723c751e8b465ee728b) [PhysX] Initialized MultithreadedTaskDispatcher with 12 workers.
 -> (artifact id: 'c957e6b4187b8f4bbf9c3241a5d97aae') in 0.009891 seconds
Number of updated asset objects reloaded before import = 0
Number of asset objects unloaded after import = 3
========================================================================
Received Import Request.
  Time since last request: 0.000018 seconds.
  path: Assets/Platform tile pack/ArtWork/Tiles/Tileset_3.asset
  artifactKey: Guid(554275350ef5f9a45b17b3ef2702f579) Importer(815301076,1909f56bfc062723c751e8b465ee728b)
Start importing Assets/Platform tile pack/ArtWork/Tiles/Tileset_3.asset using Guid(554275350ef5f9a45b17b3ef2702f579) Importer(815301076,1909f56bfc062723c751e8b465ee728b) [PhysX] Initialized MultithreadedTaskDispatcher with 12 workers.
 -> (artifact id: 'f22ced0a1aede11ecf1f732c17e152f3') in 0.010531 seconds
Number of updated asset objects reloaded before import = 0
Number of asset objects unloaded after import = 3
========================================================================
Received Import Request.
  Time since last request: 0.000019 seconds.
  path: Assets/Platform tile pack/ArtWork/Tiles/Tileset_33.asset
  artifactKey: Guid(e58e50e98ffe32748a0a8ecd5a736e19) Importer(815301076,1909f56bfc062723c751e8b465ee728b)
Start importing Assets/Platform tile pack/ArtWork/Tiles/Tileset_33.asset using Guid(e58e50e98ffe32748a0a8ecd5a736e19) Importer(815301076,1909f56bfc062723c751e8b465ee728b) [PhysX] Initialized MultithreadedTaskDispatcher with 12 workers.
 -> (artifact id: '866b771adb237c7f8709f9e4bea8a3a8') in 0.011315 seconds
Number of updated asset objects reloaded before import = 0
Number of asset objects unloaded after import = 3
========================================================================
Received Import Request.
  Time since last request: 0.000027 seconds.
  path: Assets/Platform tile pack/ArtWork/Tiles/Tileset_29.asset
  artifactKey: Guid(3901eba1aba965b449e097d09f015f42) Importer(815301076,1909f56bfc062723c751e8b465ee728b)
Start importing Assets/Platform tile pack/ArtWork/Tiles/Tileset_29.asset using Guid(3901eba1aba965b449e097d09f015f42) Importer(815301076,1909f56bfc062723c751e8b465ee728b) [PhysX] Initialized MultithreadedTaskDispatcher with 12 workers.
 -> (artifact id: 'b6e2fccd9cafe179ceeb2919741e054e') in 0.009495 seconds
Number of updated asset objects reloaded before import = 0
Number of asset objects unloaded after import = 3
========================================================================
Received Import Request.
  Time since last request: 0.000019 seconds.
  path: Assets/Platform tile pack/ArtWork/Tiles/Tileset_16.asset
  artifactKey: Guid(53a63154ced0e884086f50d42d2c9d98) Importer(815301076,1909f56bfc062723c751e8b465ee728b)
Start importing Assets/Platform tile pack/ArtWork/Tiles/Tileset_16.asset using Guid(53a63154ced0e884086f50d42d2c9d98) Importer(815301076,1909f56bfc062723c751e8b465ee728b) [PhysX] Initialized MultithreadedTaskDispatcher with 12 workers.
 -> (artifact id: '3da028d405cc3c678dd02bcf29986419') in 0.005051 seconds
Number of updated asset objects reloaded before import = 0
Number of asset objects unloaded after import = 3
========================================================================
Received Import Request.
  Time since last request: 0.000015 seconds.
  path: Assets/Platform tile pack/ArtWork/Tiles/Tileset_50.asset
  artifactKey: Guid(8f4bfaa938833c94bb5cb3f6d8de641d) Importer(815301076,1909f56bfc062723c751e8b465ee728b)
Start importing Assets/Platform tile pack/ArtWork/Tiles/Tileset_50.asset using Guid(8f4bfaa938833c94bb5cb3f6d8de641d) Importer(815301076,1909f56bfc062723c751e8b465ee728b) [PhysX] Initialized MultithreadedTaskDispatcher with 12 workers.
 -> (artifact id: 'c6249bdbe87c71f02fcc37d340eb7c84') in 0.009756 seconds
Number of updated asset objects reloaded before import = 0
Number of asset objects unloaded after import = 3
========================================================================
Received Import Request.
  Time since last request: 0.000014 seconds.
  path: Assets/Platform tile pack/ArtWork/Tiles/Tileset_21.asset
  artifactKey: Guid(59714d4ab8f02c349a336d508a58d792) Importer(815301076,1909f56bfc062723c751e8b465ee728b)
Start importing Assets/Platform tile pack/ArtWork/Tiles/Tileset_21.asset using Guid(59714d4ab8f02c349a336d508a58d792) Importer(815301076,1909f56bfc062723c751e8b465ee728b) [PhysX] Initialized MultithreadedTaskDispatcher with 12 workers.
 -> (artifact id: '897ae0a134444ce55f3252cea15485eb') in 0.009356 seconds
Number of updated asset objects reloaded before import = 0
Number of asset objects unloaded after import = 3
========================================================================
Received Import Request.
  Time since last request: 0.000019 seconds.
  path: Assets/Platform tile pack/ArtWork/Tiles/Tileset_47.asset
  artifactKey: Guid(fd9e44e2c9239124e98c5ddec05bcf1b) Importer(815301076,1909f56bfc062723c751e8b465ee728b)
Start importing Assets/Platform tile pack/ArtWork/Tiles/Tileset_47.asset using Guid(fd9e44e2c9239124e98c5ddec05bcf1b) Importer(815301076,1909f56bfc062723c751e8b465ee728b) [PhysX] Initialized MultithreadedTaskDispatcher with 12 workers.
 -> (artifact id: 'dd3a5034a79d3209888eadbeff1a2b49') in 0.011429 seconds
Number of updated asset objects reloaded before import = 0
Number of asset objects unloaded after import = 3
========================================================================
Received Import Request.
  Time since last request: 0.000015 seconds.
  path: Assets/Platform tile pack/ArtWork/Tiles/Tileset_17.asset
  artifactKey: Guid(d97e0ad8e45ea3e4c815039fd39ab695) Importer(815301076,1909f56bfc062723c751e8b465ee728b)
Start importing Assets/Platform tile pack/ArtWork/Tiles/Tileset_17.asset using Guid(d97e0ad8e45ea3e4c815039fd39ab695) Importer(815301076,1909f56bfc062723c751e8b465ee728b) [PhysX] Initialized MultithreadedTaskDispatcher with 12 workers.
 -> (artifact id: 'e3b9f79849ad277e6636610fc16716df') in 0.008740 seconds
Number of updated asset objects reloaded before import = 0
Number of asset objects unloaded after import = 3
========================================================================
Received Import Request.
  Time since last request: 22.421392 seconds.
  path: Assets/Platform tile pack/ArtWork/Sprites/Tileset.png
  artifactKey: Guid(1b39c0fe73f0433468e25eb21cfde7c2) Importer(815301076,1909f56bfc062723c751e8b465ee728b)
Start importing Assets/Platform tile pack/ArtWork/Sprites/Tileset.png using Guid(1b39c0fe73f0433468e25eb21cfde7c2) Importer(815301076,1909f56bfc062723c751e8b465ee728b) [PhysX] Initialized MultithreadedTaskDispatcher with 12 workers.
[PhysX] Initialized MultithreadedTaskDispatcher with 12 workers.
 -> (artifact id: 'a1f06eb04901a714fb9e258d1dd95249') in 0.333473 seconds
Number of updated asset objects reloaded before import = 0
Number of asset objects unloaded after import = 169
========================================================================
Received Import Request.
  Time since last request: 244.281070 seconds.
  path: Assets/War/Slime Enemy - Pixel Art/Sprites/Death/Green/Sprite Sheet - Green Death - No Flash.png
  artifactKey: Guid(b7991da59e8e2b24ba2089bcf4168640) Importer(815301076,1909f56bfc062723c751e8b465ee728b)
Start importing Assets/War/Slime Enemy - Pixel Art/Sprites/Death/Green/Sprite Sheet - Green Death - No Flash.png using Guid(b7991da59e8e2b24ba2089bcf4168640) Importer(815301076,1909f56bfc062723c751e8b465ee728b) [PhysX] Initialized MultithreadedTaskDispatcher with 12 workers.
[PhysX] Initialized MultithreadedTaskDispatcher with 12 workers.
 -> (artifact id: '35c35a3128a7d77a27b35335cc9fe4fd') in 0.040265 seconds
Number of updated asset objects reloaded before import = 0
Number of asset objects unloaded after import = 16
========================================================================
Received Prepare
Caller must complete domain reload
Begin MonoManager ReloadAssembly
Symbol file LoadedFromMemory is not a mono symbol file
- Loaded All Assemblies, in  0.447 seconds
Native extension for WindowsStandalone target not found
[Package Manager] Server::EnsureServerProcessIsRunning -- launch failed, reason: Unity was launched with the -noUpm command-line argument
[Package Manager] UpmClient::Send -- Unable to send message (not connected to UPM process).
[Package Manager] Cannot connect to Unity Package Manager local server
Mono: successfully reloaded assembly
- Finished resetting the current domain, in  1.074 seconds
Domain Reload Profiling: 1518ms
	BeginReloadAssembly (151ms)
		ExecutionOrderSort (0ms)
		DisableScriptedObjects (5ms)
		BackupInstance (0ms)
		ReleaseScriptingObjects (0ms)
		CreateAndSetChildDomain (34ms)
	RebuildCommonClasses (32ms)
	RebuildNativeTypeToScriptingClass (11ms)
	initialDomainReloadingComplete (32ms)
	LoadAllAssembliesAndSetupDomain (216ms)
		LoadAssemblies (286ms)
		RebuildTransferFunctionScriptingTraits (0ms)
		AnalyzeDomain (11ms)
			TypeCache.Refresh (6ms)
				TypeCache.ScanAssembly (0ms)
			ScanForSourceGeneratedMonoScriptInfo (0ms)
			ResolveRequiredComponents (4ms)
	FinalizeReload (1074ms)
		ReleaseScriptCaches (0ms)
		RebuildScriptCaches (0ms)
		SetupLoadedEditorAssemblies (669ms)
			LogAssemblyErrors (0ms)
			InitializePlatformSupportModulesInManaged (7ms)
			SetLoadedEditorAssemblies (4ms)
			RefreshPlugins (0ms)
			BeforeProcessingInitializeOnLoad (72ms)
			ProcessInitializeOnLoadAttributes (384ms)
			ProcessInitializeOnLoadMethodAttributes (193ms)
			AfterProcessingInitializeOnLoad (8ms)
			EditorAssembliesLoaded (0ms)
		ExecutionOrderSort2 (0ms)
		AwakeInstancesAfterBackupRestoration (7ms)
Refreshing native plugins compatible for Editor in 12.55 ms, found 2 plugins.
Preloading 0 native plugins for Editor in 0.00 ms.
Unloading 2470 Unused Serialized files (Serialized files now loaded: 0)
Unloading 13 unused Assets / (26.9 KB). Loaded Objects now: 2971.
Memory consumption went from 108.3 MB to 108.3 MB.
Total: 8.492900 ms (FindLiveObjects: 0.248700 ms CreateObjectMapping: 0.224100 ms MarkObjects: 7.975700 ms  DeleteObjects: 0.043600 ms)

Prepare: number of updated asset objects reloaded= 0
AssetImportParameters requested are different than current active one (requested -> active):
  custom:video-decoder-webm-vp8: 9c59270c3fd7afecdb556c50c9e8de78 -> 
  custom:SearchIndexIgnoredProperties: e643bd26f0fe6173181afceb89e7c659 -> 
  custom:container-demuxer-ogg: 62fdf1f143b41e24485cea50d1cbac27 -> 
  custom:AudioImporter_EditorPlatform: d09bf68614088b80899f8185d706f6e7 -> 
  custom:video-decoder-ogg-theora: a1e56fd34408186e4bbccfd4996cb3dc -> 
  custom:framework-win-MediaFoundation: 216162199b28c13a410421893ffa2e32 -> 
  custom:video-encoder-webm-vp8: eb34c28f22e8b96e1ab97ce403110664 -> 
  custom:audio-decoder-ogg-vorbis: bf7c407c2cedff20999df2af8eb42d56 -> 
  custom:CustomObjectIndexerAttribute: 9a22284fe3817be447336de3de66b15e -> 
  custom:container-demuxer-webm: 4f35f7cbe854078d1ac9338744f61a02 -> 
  custom:audio-encoder-webm-vorbis: bf7c407c2cedff20999df2af8eb42d56 -> 
  custom:container-muxer-webm: aa71ff27fc2769a1b78a27578f13a17b -> 
========================================================================
Received Prepare
Caller must complete domain reload
Begin MonoManager ReloadAssembly
Symbol file LoadedFromMemory is not a mono symbol file
- Loaded All Assemblies, in  0.435 seconds
Native extension for WindowsStandalone target not found
[Package Manager] Server::EnsureServerProcessIsRunning -- launch failed, reason: Unity was launched with the -noUpm command-line argument
[Package Manager] UpmClient::Send -- Unable to send message (not connected to UPM process).
[Package Manager] Cannot connect to Unity Package Manager local server
Mono: successfully reloaded assembly
- Finished resetting the current domain, in  1.098 seconds
Domain Reload Profiling: 1529ms
	BeginReloadAssembly (149ms)
		ExecutionOrderSort (0ms)
		DisableScriptedObjects (6ms)
		BackupInstance (0ms)
		ReleaseScriptingObjects (0ms)
		CreateAndSetChildDomain (29ms)
	RebuildCommonClasses (39ms)
	RebuildNativeTypeToScriptingClass (11ms)
	initialDomainReloadingComplete (28ms)
	LoadAllAssembliesAndSetupDomain (204ms)
		LoadAssemblies (279ms)
		RebuildTransferFunctionScriptingTraits (0ms)
		AnalyzeDomain (10ms)
			TypeCache.Refresh (5ms)
				TypeCache.ScanAssembly (0ms)
			ScanForSourceGeneratedMonoScriptInfo (0ms)
			ResolveRequiredComponents (4ms)
	FinalizeReload (1098ms)
		ReleaseScriptCaches (0ms)
		RebuildScriptCaches (0ms)
		SetupLoadedEditorAssemblies (726ms)
			LogAssemblyErrors (0ms)
			InitializePlatformSupportModulesInManaged (9ms)
			SetLoadedEditorAssemblies (5ms)
			RefreshPlugins (0ms)
			BeforeProcessingInitializeOnLoad (77ms)
			ProcessInitializeOnLoadAttributes (428ms)
			ProcessInitializeOnLoadMethodAttributes (197ms)
			AfterProcessingInitializeOnLoad (9ms)
			EditorAssembliesLoaded (0ms)
		ExecutionOrderSort2 (0ms)
		AwakeInstancesAfterBackupRestoration (8ms)
Refreshing native plugins compatible for Editor in 12.53 ms, found 2 plugins.
Preloading 0 native plugins for Editor in 0.00 ms.
Unloading 2471 Unused Serialized files (Serialized files now loaded: 0)
Unloading 13 unused Assets / (27.0 KB). Loaded Objects now: 2974.
Memory consumption went from 108.6 MB to 108.6 MB.
Total: 8.572500 ms (FindLiveObjects: 0.248700 ms CreateObjectMapping: 0.182900 ms MarkObjects: 8.090000 ms  DeleteObjects: 0.049900 ms)

Prepare: number of updated asset objects reloaded= 0
AssetImportParameters requested are different than current active one (requested -> active):
  custom:video-decoder-webm-vp8: 9c59270c3fd7afecdb556c50c9e8de78 -> 
  custom:SearchIndexIgnoredProperties: e643bd26f0fe6173181afceb89e7c659 -> 
  custom:container-demuxer-ogg: 62fdf1f143b41e24485cea50d1cbac27 -> 
  custom:AudioImporter_EditorPlatform: d09bf68614088b80899f8185d706f6e7 -> 
  custom:video-decoder-ogg-theora: a1e56fd34408186e4bbccfd4996cb3dc -> 
  custom:framework-win-MediaFoundation: 216162199b28c13a410421893ffa2e32 -> 
  custom:video-encoder-webm-vp8: eb34c28f22e8b96e1ab97ce403110664 -> 
  custom:audio-decoder-ogg-vorbis: bf7c407c2cedff20999df2af8eb42d56 -> 
  custom:CustomObjectIndexerAttribute: 9a22284fe3817be447336de3de66b15e -> 
  custom:container-demuxer-webm: 4f35f7cbe854078d1ac9338744f61a02 -> 
  custom:audio-encoder-webm-vorbis: bf7c407c2cedff20999df2af8eb42d56 -> 
  custom:container-muxer-webm: aa71ff27fc2769a1b78a27578f13a17b -> 
========================================================================
Received Import Request.
  Time since last request: 107.774592 seconds.
  path: Assets/Materials/OutlineCircle.mat
  artifactKey: Guid(095d8443c0761b248b1b334f8118b7ec) Importer(815301076,1909f56bfc062723c751e8b465ee728b)
Start importing Assets/Materials/OutlineCircle.mat using Guid(095d8443c0761b248b1b334f8118b7ec) Importer(815301076,1909f56bfc062723c751e8b465ee728b) [PhysX] Initialized MultithreadedTaskDispatcher with 12 workers.
[PhysX] Initialized MultithreadedTaskDispatcher with 12 workers.
 -> (artifact id: '18fa42d7ac3ec05df522288d57902883') in 0.074956 seconds
Number of updated asset objects reloaded before import = 0
Number of asset objects unloaded after import = 2
========================================================================
Received Prepare
Caller must complete domain reload
Begin MonoManager ReloadAssembly
Symbol file LoadedFromMemory is not a mono symbol file
- Loaded All Assemblies, in  0.436 seconds
Native extension for WindowsStandalone target not found
[Package Manager] Server::EnsureServerProcessIsRunning -- launch failed, reason: Unity was launched with the -noUpm command-line argument
[Package Manager] UpmClient::Send -- Unable to send message (not connected to UPM process).
[Package Manager] Cannot connect to Unity Package Manager local server
Mono: successfully reloaded assembly
- Finished resetting the current domain, in  1.058 seconds
Domain Reload Profiling: 1491ms
	BeginReloadAssembly (145ms)
		ExecutionOrderSort (0ms)
		DisableScriptedObjects (5ms)
		BackupInstance (0ms)
		ReleaseScriptingObjects (0ms)
		CreateAndSetChildDomain (30ms)
	RebuildCommonClasses (36ms)
	RebuildNativeTypeToScriptingClass (15ms)
	initialDomainReloadingComplete (31ms)
	LoadAllAssembliesAndSetupDomain (207ms)
		LoadAssemblies (277ms)
		RebuildTransferFunctionScriptingTraits (0ms)
		AnalyzeDomain (10ms)
			TypeCache.Refresh (5ms)
				TypeCache.ScanAssembly (0ms)
			ScanForSourceGeneratedMonoScriptInfo (0ms)
			ResolveRequiredComponents (3ms)
	FinalizeReload (1059ms)
		ReleaseScriptCaches (0ms)
		RebuildScriptCaches (0ms)
		SetupLoadedEditorAssemblies (678ms)
			LogAssemblyErrors (0ms)
			InitializePlatformSupportModulesInManaged (7ms)
			SetLoadedEditorAssemblies (4ms)
			RefreshPlugins (0ms)
			BeforeProcessingInitializeOnLoad (71ms)
			ProcessInitializeOnLoadAttributes (376ms)
			ProcessInitializeOnLoadMethodAttributes (212ms)
			AfterProcessingInitializeOnLoad (9ms)
			EditorAssembliesLoaded (0ms)
		ExecutionOrderSort2 (0ms)
		AwakeInstancesAfterBackupRestoration (8ms)
Refreshing native plugins compatible for Editor in 13.34 ms, found 2 plugins.
Preloading 0 native plugins for Editor in 0.00 ms.
Unloading 2470 Unused Serialized files (Serialized files now loaded: 0)
Unloading 13 unused Assets / (26.9 KB). Loaded Objects now: 3015.
Memory consumption went from 108.7 MB to 108.6 MB.
Total: 6.458000 ms (FindLiveObjects: 0.206500 ms CreateObjectMapping: 0.149900 ms MarkObjects: 6.061900 ms  DeleteObjects: 0.038900 ms)

Prepare: number of updated asset objects reloaded= 0
AssetImportParameters requested are different than current active one (requested -> active):
  custom:video-decoder-webm-vp8: 9c59270c3fd7afecdb556c50c9e8de78 -> 
  custom:SearchIndexIgnoredProperties: e643bd26f0fe6173181afceb89e7c659 -> 
  custom:container-demuxer-ogg: 62fdf1f143b41e24485cea50d1cbac27 -> 
  custom:AudioImporter_EditorPlatform: d09bf68614088b80899f8185d706f6e7 -> 
  custom:video-decoder-ogg-theora: a1e56fd34408186e4bbccfd4996cb3dc -> 
  custom:framework-win-MediaFoundation: 216162199b28c13a410421893ffa2e32 -> 
  custom:video-encoder-webm-vp8: eb34c28f22e8b96e1ab97ce403110664 -> 
  custom:audio-decoder-ogg-vorbis: bf7c407c2cedff20999df2af8eb42d56 -> 
  custom:CustomObjectIndexerAttribute: 9a22284fe3817be447336de3de66b15e -> 
  custom:container-demuxer-webm: 4f35f7cbe854078d1ac9338744f61a02 -> 
  custom:audio-encoder-webm-vorbis: bf7c407c2cedff20999df2af8eb42d56 -> 
  custom:container-muxer-webm: aa71ff27fc2769a1b78a27578f13a17b -> 
========================================================================
Received Prepare
Trying to reload asset but can't find object on disk
Trying to reload asset but can't find object on disk
Trying to reload asset but can't find object on disk
Trying to reload asset but can't find object on disk
Trying to reload asset but can't find object on disk
Trying to reload asset but can't find object on disk
Trying to reload asset but can't find object on disk
Trying to reload asset but can't find object on disk
Trying to reload asset but can't find object on disk
Trying to reload asset but can't find object on disk
Trying to reload asset but can't find object on disk
Trying to reload asset but can't find object on disk
Trying to reload asset but can't find object on disk
Trying to reload asset but can't find object on disk
Trying to reload asset but can't find object on disk
Trying to reload asset but can't find object on disk
Trying to reload asset but can't find object on disk
Trying to reload asset but can't find object on disk
Trying to reload asset but can't find object on disk
Caller must complete domain reload
Begin MonoManager ReloadAssembly
- Loaded All Assemblies, in  0.235 seconds
Native extension for WindowsStandalone target not found
Mono: successfully reloaded assembly
- Finished resetting the current domain, in  0.376 seconds
Domain Reload Profiling: 612ms
	BeginReloadAssembly (152ms)
		ExecutionOrderSort (0ms)
		DisableScriptedObjects (5ms)
		BackupInstance (0ms)
		ReleaseScriptingObjects (0ms)
		CreateAndSetChildDomain (30ms)
	RebuildCommonClasses (33ms)
	RebuildNativeTypeToScriptingClass (12ms)
	initialDomainReloadingComplete (24ms)
	LoadAllAssembliesAndSetupDomain (14ms)
		LoadAssemblies (89ms)
		RebuildTransferFunctionScriptingTraits (0ms)
		AnalyzeDomain (10ms)
			TypeCache.Refresh (8ms)
				TypeCache.ScanAssembly (0ms)
			ScanForSourceGeneratedMonoScriptInfo (1ms)
			ResolveRequiredComponents (1ms)
	FinalizeReload (377ms)
		ReleaseScriptCaches (0ms)
		RebuildScriptCaches (0ms)
		SetupLoadedEditorAssemblies (251ms)
			LogAssemblyErrors (0ms)
			InitializePlatformSupportModulesInManaged (7ms)
			SetLoadedEditorAssemblies (6ms)
			RefreshPlugins (0ms)
			BeforeProcessingInitializeOnLoad (72ms)
			ProcessInitializeOnLoadAttributes (140ms)
			ProcessInitializeOnLoadMethodAttributes (19ms)
			AfterProcessingInitializeOnLoad (7ms)
			EditorAssembliesLoaded (0ms)
		ExecutionOrderSort2 (0ms)
		AwakeInstancesAfterBackupRestoration (6ms)
Refreshing native plugins compatible for Editor in 5.84 ms, found 0 plugins.
Preloading 0 native plugins for Editor in 0.00 ms.
Unloading 4 Unused Serialized files (Serialized files now loaded: 0)
Unloading 1090 unused Assets / (0.6 MB). Loaded Objects now: 1926.
Memory consumption went from 66.1 MB to 65.5 MB.
Total: 4.548300 ms (FindLiveObjects: 0.265100 ms CreateObjectMapping: 0.186900 ms MarkObjects: 3.053300 ms  DeleteObjects: 1.042100 ms)

Prepare: number of updated asset objects reloaded= 1
AssetImportParameters requested are different than current active one (requested -> active):
  custom:video-decoder-webm-vp8: 9c59270c3fd7afecdb556c50c9e8de78 -> 
  custom:SearchIndexIgnoredProperties: e643bd26f0fe6173181afceb89e7c659 -> 
  custom:container-demuxer-ogg: 62fdf1f143b41e24485cea50d1cbac27 -> 
  custom:AudioImporter_EditorPlatform: d09bf68614088b80899f8185d706f6e7 -> 
  custom:video-decoder-ogg-theora: a1e56fd34408186e4bbccfd4996cb3dc -> 
  custom:framework-win-MediaFoundation: 216162199b28c13a410421893ffa2e32 -> 
  custom:video-encoder-webm-vp8: eb34c28f22e8b96e1ab97ce403110664 -> 
  custom:audio-decoder-ogg-vorbis: bf7c407c2cedff20999df2af8eb42d56 -> 
  custom:CustomObjectIndexerAttribute: 9a22284fe3817be447336de3de66b15e -> 
  custom:container-demuxer-webm: 4f35f7cbe854078d1ac9338744f61a02 -> 
  custom:audio-encoder-webm-vorbis: bf7c407c2cedff20999df2af8eb42d56 -> 
  custom:container-muxer-webm: aa71ff27fc2769a1b78a27578f13a17b -> 
  custom:scripting/precompiled-assembly-types:log4net:  -> 019978558686b3dbe60f5be7e8a69682
  custom:scripting/precompiled-assembly-types:Analytics:  -> 05bf11764c25f7dcaad78f3406254b5b
  custom:scripting/precompiled-assembly-types:Unity.AI.Navigation.Editor:  -> 7eaf38f66973fde07200cf372b24130e
  custom:scripting/precompiled-assembly-types:UnityEngine.Purchasing.AppleStub:  -> 2b9067fe81ad7feb861cd01c35795d0a
  custom:scripting/precompiled-assembly-types:Unity.Timeline:  -> b058d380530d91aefff3cf869316d3f0
  custom:scripting/precompiled-assembly-types:Unity.Services.Core.Editor:  -> 659d2661994f4f8659c1d74a460ca598
  custom:scripting/precompiled-assembly-types:UnityEditor.Purchasing:  -> 34a9de9d7f3d57ae0879e0d7f40e5358
  custom:scripting/precompiled-assembly-types:Unity.AI.Navigation:  -> 5d8fa505e3253b9a2a456e2c28a1afb3
  custom:scripting/precompiled-assembly-types:Unity.AI.Navigation.Updater:  -> d2095ddf03fd615830d6dacf5841450d
  custom:scripting/monoscript/fileName/AnimationPlayableAsset.cs:  -> 009db08c97e92a2c69986ab256d074e2
  custom:scripting/precompiled-assembly-types:Unity.PlasticSCM.Editor:  -> 61b19ddb92073bec3b858fc919e16e73
  custom:scripting/precompiled-assembly-types:nunit.framework:  -> de9c6147ae45b4e3446d0e562fb3bbe3
  custom:scripting/precompiled-assembly-types:Unity.Services.Core.Registration:  -> 6ff2c253681b1c95fc4436f661813f21
  custom:scripting/precompiled-assembly-types:Unity.Plastic.Newtonsoft.Json:  -> c587937513b02a3c784dfd4229f1b707
  custom:scripting/monoscript/fileName/AnimationTrack.cs:  -> 579258c150686ede8cacf1f75da21715
  custom:scripting/precompiled-assembly-types:Unity.Services.Core:  -> c4ea740b8c627ef5d70424eaebadf8eb
  custom:scripting/precompiled-assembly-types:Unity.Plastic.Antlr3.Runtime:  -> 6770513df7cfb4050a1e6f0a02312f5b
  custom:scripting/precompiled-assembly-types:UnityEngine.Purchasing.SecurityStub:  -> e36de75dcfde6cea38a4540e822806ae
  custom:scripting/precompiled-assembly-types:Unity.Analytics.Tracker:  -> eb4191259480d4015a4c533d11e903a3
  custom:scripting/precompiled-assembly-types:Purchasing.Common:  -> f729027f5f0537254a771d0e3ca1c961
  custom:scripting/precompiled-assembly-types:Unity.Services.Core.Internal:  -> 1e9c119ae18ea096f569313836fded8f
  custom:scripting/monoscript/fileName/TextMeshProUGUI.cs:  -> b783d06a82b0620f102e3253b4b9fc9b
  custom:scripting/precompiled-assembly-types:UnityEngine.TestRunner:  -> f5758234275f5346968d00e3b1a1c0e4
  custom:scripting/precompiled-assembly-types:UnityEngine.Purchasing.Codeless:  -> 2486edc2432b82e054775468a2a1f67a
  custom:scripting/precompiled-assembly-types:Unity.Services.Analytics:  -> 15fc52bc2a698b15ca6722e0aa642c2d
  custom:scripting/precompiled-assembly-types:UnityEngine.Purchasing.SecurityCore:  -> 668717ea44f4c28225ab0446472023c2
  custom:scripting/precompiled-assembly-types:UnityEngine.Purchasing.AppleMacosStub:  -> 6746eb6e9e114e0f455423696f78a611
  custom:scripting/precompiled-assembly-types:UnityEngine.SpatialTracking:  -> fe8bd671b41f1462276b731bbb32d826
  custom:scripting/precompiled-assembly-types:Unity.Services.Core.Networking:  -> 61bebe50ea392373ad9b763369998b02
  custom:scripting/precompiled-assembly-types:Unity.Services.Core.Telemetry:  -> 93d339c2f6637582a5436fa1367ea7d7
  custom:scripting/precompiled-assembly-types:UnityEditor.SpatialTracking:  -> dd1905b8a8246178a3248fba44980e0b
  custom:scripting/precompiled-assembly-types:Unity.Analytics.Editor:  -> 5ac39bf3717918d2718f9b53eff9385d
  custom:scripting/precompiled-assembly-types:UnityEngine.Purchasing.Stores:  -> 6477e0df9f7844b11344f6ee717489b0
  custom:scripting/monoscript/fileName/TextMeshPro.cs:  -> 0cfab9de2f927cf0a5e3dc6276498acd
  custom:scripting/precompiled-assembly-types:Unity.Services.Core.Environments.Editor:  -> f1355bf4f026d58e92910acf350a95d8
  custom:scripting/precompiled-assembly-types:Unity.2D.Sprite.Editor:  -> 17bc6c182f43764addce77b58cdd60c9
  custom:scripting/precompiled-assembly-types:UnityEngine.Advertisements.DevX.Editor:  -> 449bc6495704356372c9c402e7625b84
  custom:scripting/precompiled-assembly-types:Unity.Analytics.DataPrivacy:  -> 26b42c534ec8986bc8635a082d6f0b0d
  custom:scripting/precompiled-assembly-types:Unity.Services.Core.Device:  -> 63b48da9c583ff24a0dde69e3097501c
  custom:scripting/precompiled-assembly-types:Unity.Services.Core.Environments.Internal:  -> a94ac62d8b6ab44e5914a671ad4dd355
  custom:scripting/precompiled-assembly-types:Unity.VSCode.Editor:  -> ce0f8be6c84057ddac8877610b9e6a0a
  custom:scripting/precompiled-assembly-types:Unity.CollabProxy.Editor:  -> 9fe11a58ab4efabc40e3993980369fc4
  custom:scripting/precompiled-assembly-types:Newtonsoft.Json:  -> a784019f7e79cf0f65e748d41d4ceb44
  custom:scripting/precompiled-assembly-types:UnityEngine.Purchasing.WinRTCore:  -> 0ecabfe4902ebf05bf7967d421dad515
  custom:scripting/precompiled-assembly-types:UnityEngine.Advertisements:  -> eddddc804f85d325d3f2cfb2febf94fd
  custom:scripting/precompiled-assembly-types:Unity.Services.Core.Configuration.Editor:  -> 9ec415489f81483910eef61e419cb1d9
  custom:scripting/precompiled-assembly-types:Unity.Timeline.Editor:  -> 534d7c71c4dd9147ea00599cede121e1
  custom:scripting/precompiled-assembly-types:UnityEngine.XR.LegacyInputHelpers:  -> da96c0e3ee4a99cfbe3f49c08ef62202
  custom:scripting/precompiled-assembly-types:UnityEngine.Purchasing.WinRTStub:  -> 4df8d93f4dc79ac76824cf4f14369f6c
  custom:scripting/precompiled-assembly-types:UnityEngine.UI:  -> f762135bac905e34e2b540c872c48817
  custom:scripting/precompiled-assembly-types:Unity.Services.Core.Configuration:  -> f7859697b434adc89f377c95a9589d8a
  custom:scripting/precompiled-assembly-types:UnityEngine.Purchasing.AppleCore:  -> fc2cbcc079e01cf4f7ba8cec2f945127
  custom:scripting/precompiled-assembly-types:UnityEngine.Advertisements.Editor:  -> f05c6ef344003dc4beb91632ad6a3d4b
  custom:scripting/monoscript/fileName/TimelineAsset.cs:  -> 922c4504d3900c9d0f1009b93072bf15
  custom:scripting/precompiled-assembly-types:UnityEngine.Purchasing:  -> 18e01c65f78592a512b840b159dbf63a
  custom:scripting/precompiled-assembly-types:Unity.TextMeshPro.Editor:  -> 46ffe279a7239cd1fb74eb9c5ab5b5d8
  custom:scripting/precompiled-assembly-types:Unity.VisualStudio.Editor:  -> 8196c7ff3a716df6975b114b464f1975
  custom:scripting/precompiled-assembly-types:Unity.Services.Core.Environments:  -> b07b1f8809421d1b72991502cdcbc5ac
  custom:scripting/precompiled-assembly-types:Unity.Services.Analytics.Editor:  -> ceb02baa99ac115bdc82d472d2b0d601
  custom:scripting/precompiled-assembly-types:Unity.Services.Core.Analytics:  -> 7e90522691a1ed8cc152d6a40d3f03b4
  custom:scripting/monoscript/fileName/TrackAsset.cs:  -> 05c366eb01e12385210cbb2c784bc95b
  custom:scripting/precompiled-assembly-types:Unity.2D.Tilemap.Editor:  -> c63f35b4be2093bcf46770a8fbd6e1fe
  custom:scripting/precompiled-assembly-types:Unity.TextMeshPro:  -> 59230975e8163396a463bd906828ec67
  custom:scripting/precompiled-assembly-types:UnityEditor.TestRunner:  -> 1b08a5e3d69264f3b8177a3e839577fe
  custom:scripting/precompiled-assembly-types:UnityEditor.UI:  -> 6bae215471362000d6dbd3e0ee304a50
  custom:scripting/monoscript/fileName/TimelineWindow.cs:  -> 1ecae22b1c6d42e0f96084d9a8d5699a
  custom:scripting/precompiled-assembly-types:Unity.Services.Core.Scheduler:  -> c5a24b90c03f14c29ba6bebda52c3c14
  custom:scripting/precompiled-assembly-types:JetBrains.Rider.PathLocator:  -> cc0f6b5fd89737b9c88f7fff1881167a
  custom:scripting/precompiled-assembly-types:Unity.AI.Navigation.Editor.ConversionSystem:  -> 27c718e5de2659aeeb663e092dc21158
  custom:scripting/precompiled-assembly-types:unityplastic:  -> fafbcc8900ebc3adedea4fa84f653ed3
  custom:scripting/precompiled-assembly-types:Unity.Services.Core.Threading:  -> ca5820d3037e7034a063518fa47775e2
  custom:scripting/monoscript/fileName/TimelineAssetViewModel.cs:  -> 18a79fa063972d49f8538ad72ae7e75c
  custom:scripting/precompiled-assembly-types:Unity.Rider.Editor:  -> 5769424f89eeee7d96f0de4802f34024
  custom:scripting/precompiled-assembly-types:Unity.Analytics.StandardEvents:  -> 141d7ed544956c644b78fc48f252c94f
  custom:scripting/precompiled-assembly-types:UnityEditor.XR.LegacyInputHelpers:  -> 52acfc53051faf8d3716fd452f740f78
========================================================================
Received Prepare
Trying to reload asset but can't find object on disk
Trying to reload asset but can't find object on disk
Trying to reload asset but can't find object on disk
Trying to reload asset but can't find object on disk
Trying to reload asset but can't find object on disk
Trying to reload asset but can't find object on disk
Trying to reload asset but can't find object on disk
Trying to reload asset but can't find object on disk
Trying to reload asset but can't find object on disk
Trying to reload asset but can't find object on disk
Trying to reload asset but can't find object on disk
Trying to reload asset but can't find object on disk
Trying to reload asset but can't find object on disk
Trying to reload asset but can't find object on disk
Trying to reload asset but can't find object on disk
Trying to reload asset but can't find object on disk
Trying to reload asset but can't find object on disk
Trying to reload asset but can't find object on disk
Trying to reload asset but can't find object on disk
Caller must complete domain reload
Begin MonoManager ReloadAssembly
- Loaded All Assemblies, in  0.218 seconds
Native extension for WindowsStandalone target not found
Mono: successfully reloaded assembly
- Finished resetting the current domain, in  0.381 seconds
Domain Reload Profiling: 597ms
	BeginReloadAssembly (134ms)
		ExecutionOrderSort (0ms)
		DisableScriptedObjects (5ms)
		BackupInstance (0ms)
		ReleaseScriptingObjects (0ms)
		CreateAndSetChildDomain (15ms)
	RebuildCommonClasses (40ms)
	RebuildNativeTypeToScriptingClass (11ms)
	initialDomainReloadingComplete (24ms)
	LoadAllAssembliesAndSetupDomain (6ms)
		LoadAssemblies (87ms)
		RebuildTransferFunctionScriptingTraits (0ms)
		AnalyzeDomain (4ms)
			TypeCache.Refresh (3ms)
				TypeCache.ScanAssembly (0ms)
			ScanForSourceGeneratedMonoScriptInfo (0ms)
			ResolveRequiredComponents (0ms)
	FinalizeReload (382ms)
		ReleaseScriptCaches (0ms)
		RebuildScriptCaches (0ms)
		SetupLoadedEditorAssemblies (262ms)
			LogAssemblyErrors (0ms)
			InitializePlatformSupportModulesInManaged (7ms)
			SetLoadedEditorAssemblies (5ms)
			RefreshPlugins (0ms)
			BeforeProcessingInitializeOnLoad (72ms)
			ProcessInitializeOnLoadAttributes (149ms)
			ProcessInitializeOnLoadMethodAttributes (20ms)
			AfterProcessingInitializeOnLoad (8ms)
			EditorAssembliesLoaded (0ms)
		ExecutionOrderSort2 (0ms)
		AwakeInstancesAfterBackupRestoration (7ms)
Refreshing native plugins compatible for Editor in 5.75 ms, found 0 plugins.
Preloading 0 native plugins for Editor in 0.00 ms.
Unloading 4 Unused Serialized files (Serialized files now loaded: 0)
Unloading 1 unused Assets / (9.7 KB). Loaded Objects now: 1925.
Memory consumption went from 63.5 MB to 63.5 MB.
Total: 3.415000 ms (FindLiveObjects: 0.180400 ms CreateObjectMapping: 0.143200 ms MarkObjects: 3.067600 ms  DeleteObjects: 0.023000 ms)

Prepare: number of updated asset objects reloaded= 0
AssetImportParameters requested are different than current active one (requested -> active):
  custom:video-decoder-webm-vp8: 9c59270c3fd7afecdb556c50c9e8de78 -> 
  custom:SearchIndexIgnoredProperties: e643bd26f0fe6173181afceb89e7c659 -> 
  custom:container-demuxer-ogg: 62fdf1f143b41e24485cea50d1cbac27 -> 
  custom:AudioImporter_EditorPlatform: d09bf68614088b80899f8185d706f6e7 -> 
  custom:video-decoder-ogg-theora: a1e56fd34408186e4bbccfd4996cb3dc -> 
  custom:framework-win-MediaFoundation: 216162199b28c13a410421893ffa2e32 -> 
  custom:video-encoder-webm-vp8: eb34c28f22e8b96e1ab97ce403110664 -> 
  custom:audio-decoder-ogg-vorbis: bf7c407c2cedff20999df2af8eb42d56 -> 
  custom:CustomObjectIndexerAttribute: 9a22284fe3817be447336de3de66b15e -> 
  custom:container-demuxer-webm: 4f35f7cbe854078d1ac9338744f61a02 -> 
  custom:audio-encoder-webm-vorbis: bf7c407c2cedff20999df2af8eb42d56 -> 
  custom:container-muxer-webm: aa71ff27fc2769a1b78a27578f13a17b -> 
  custom:scripting/precompiled-assembly-types:log4net:  -> 019978558686b3dbe60f5be7e8a69682
  custom:scripting/precompiled-assembly-types:Analytics:  -> 05bf11764c25f7dcaad78f3406254b5b
  custom:scripting/precompiled-assembly-types:Unity.AI.Navigation.Editor:  -> 7eaf38f66973fde07200cf372b24130e
  custom:scripting/precompiled-assembly-types:UnityEngine.Purchasing.AppleStub:  -> 2b9067fe81ad7feb861cd01c35795d0a
  custom:scripting/precompiled-assembly-types:Unity.Timeline:  -> b058d380530d91aefff3cf869316d3f0
  custom:scripting/precompiled-assembly-types:Unity.Services.Core.Editor:  -> 659d2661994f4f8659c1d74a460ca598
  custom:scripting/precompiled-assembly-types:UnityEditor.Purchasing:  -> 34a9de9d7f3d57ae0879e0d7f40e5358
  custom:scripting/precompiled-assembly-types:Unity.AI.Navigation:  -> 5d8fa505e3253b9a2a456e2c28a1afb3
  custom:scripting/precompiled-assembly-types:Unity.AI.Navigation.Updater:  -> d2095ddf03fd615830d6dacf5841450d
  custom:scripting/monoscript/fileName/AnimationPlayableAsset.cs:  -> 009db08c97e92a2c69986ab256d074e2
  custom:scripting/precompiled-assembly-types:Unity.PlasticSCM.Editor:  -> 61b19ddb92073bec3b858fc919e16e73
  custom:scripting/precompiled-assembly-types:nunit.framework:  -> de9c6147ae45b4e3446d0e562fb3bbe3
  custom:scripting/precompiled-assembly-types:Unity.Services.Core.Registration:  -> 6ff2c253681b1c95fc4436f661813f21
  custom:scripting/precompiled-assembly-types:Unity.Plastic.Newtonsoft.Json:  -> c587937513b02a3c784dfd4229f1b707
  custom:scripting/monoscript/fileName/AnimationTrack.cs:  -> 579258c150686ede8cacf1f75da21715
  custom:scripting/precompiled-assembly-types:Unity.Services.Core:  -> c4ea740b8c627ef5d70424eaebadf8eb
  custom:scripting/precompiled-assembly-types:Unity.Plastic.Antlr3.Runtime:  -> 6770513df7cfb4050a1e6f0a02312f5b
  custom:scripting/precompiled-assembly-types:UnityEngine.Purchasing.SecurityStub:  -> e36de75dcfde6cea38a4540e822806ae
  custom:scripting/precompiled-assembly-types:Unity.Analytics.Tracker:  -> eb4191259480d4015a4c533d11e903a3
  custom:scripting/precompiled-assembly-types:Purchasing.Common:  -> f729027f5f0537254a771d0e3ca1c961
  custom:scripting/precompiled-assembly-types:Unity.Services.Core.Internal:  -> 1e9c119ae18ea096f569313836fded8f
  custom:scripting/monoscript/fileName/TextMeshProUGUI.cs:  -> b783d06a82b0620f102e3253b4b9fc9b
  custom:scripting/precompiled-assembly-types:UnityEngine.TestRunner:  -> f5758234275f5346968d00e3b1a1c0e4
  custom:scripting/precompiled-assembly-types:UnityEngine.Purchasing.Codeless:  -> 2486edc2432b82e054775468a2a1f67a
  custom:scripting/precompiled-assembly-types:Unity.Services.Analytics:  -> 15fc52bc2a698b15ca6722e0aa642c2d
  custom:scripting/precompiled-assembly-types:UnityEngine.Purchasing.SecurityCore:  -> 668717ea44f4c28225ab0446472023c2
  custom:scripting/precompiled-assembly-types:UnityEngine.Purchasing.AppleMacosStub:  -> 6746eb6e9e114e0f455423696f78a611
  custom:scripting/precompiled-assembly-types:UnityEngine.SpatialTracking:  -> fe8bd671b41f1462276b731bbb32d826
  custom:scripting/precompiled-assembly-types:Unity.Services.Core.Networking:  -> 61bebe50ea392373ad9b763369998b02
  custom:scripting/precompiled-assembly-types:Unity.Services.Core.Telemetry:  -> 93d339c2f6637582a5436fa1367ea7d7
  custom:scripting/precompiled-assembly-types:UnityEditor.SpatialTracking:  -> dd1905b8a8246178a3248fba44980e0b
  custom:scripting/precompiled-assembly-types:Unity.Analytics.Editor:  -> 5ac39bf3717918d2718f9b53eff9385d
  custom:scripting/precompiled-assembly-types:UnityEngine.Purchasing.Stores:  -> 6477e0df9f7844b11344f6ee717489b0
  custom:scripting/monoscript/fileName/TextMeshPro.cs:  -> 0cfab9de2f927cf0a5e3dc6276498acd
  custom:scripting/precompiled-assembly-types:Unity.Services.Core.Environments.Editor:  -> f1355bf4f026d58e92910acf350a95d8
  custom:scripting/precompiled-assembly-types:Unity.2D.Sprite.Editor:  -> 17bc6c182f43764addce77b58cdd60c9
  custom:scripting/precompiled-assembly-types:UnityEngine.Advertisements.DevX.Editor:  -> 449bc6495704356372c9c402e7625b84
  custom:scripting/precompiled-assembly-types:Unity.Analytics.DataPrivacy:  -> 26b42c534ec8986bc8635a082d6f0b0d
  custom:scripting/precompiled-assembly-types:Unity.Services.Core.Device:  -> 63b48da9c583ff24a0dde69e3097501c
  custom:scripting/precompiled-assembly-types:Unity.Services.Core.Environments.Internal:  -> a94ac62d8b6ab44e5914a671ad4dd355
  custom:scripting/precompiled-assembly-types:Unity.VSCode.Editor:  -> ce0f8be6c84057ddac8877610b9e6a0a
  custom:scripting/precompiled-assembly-types:Unity.CollabProxy.Editor:  -> 9fe11a58ab4efabc40e3993980369fc4
  custom:scripting/precompiled-assembly-types:Newtonsoft.Json:  -> a784019f7e79cf0f65e748d41d4ceb44
  custom:scripting/precompiled-assembly-types:UnityEngine.Purchasing.WinRTCore:  -> 0ecabfe4902ebf05bf7967d421dad515
  custom:scripting/precompiled-assembly-types:UnityEngine.Advertisements:  -> eddddc804f85d325d3f2cfb2febf94fd
  custom:scripting/precompiled-assembly-types:Unity.Services.Core.Configuration.Editor:  -> 9ec415489f81483910eef61e419cb1d9
  custom:scripting/precompiled-assembly-types:Unity.Timeline.Editor:  -> 534d7c71c4dd9147ea00599cede121e1
  custom:scripting/precompiled-assembly-types:UnityEngine.XR.LegacyInputHelpers:  -> da96c0e3ee4a99cfbe3f49c08ef62202
  custom:scripting/precompiled-assembly-types:UnityEngine.Purchasing.WinRTStub:  -> 4df8d93f4dc79ac76824cf4f14369f6c
  custom:scripting/precompiled-assembly-types:UnityEngine.UI:  -> f762135bac905e34e2b540c872c48817
  custom:scripting/precompiled-assembly-types:Unity.Services.Core.Configuration:  -> f7859697b434adc89f377c95a9589d8a
  custom:scripting/precompiled-assembly-types:UnityEngine.Purchasing.AppleCore:  -> fc2cbcc079e01cf4f7ba8cec2f945127
  custom:scripting/precompiled-assembly-types:UnityEngine.Advertisements.Editor:  -> f05c6ef344003dc4beb91632ad6a3d4b
  custom:scripting/monoscript/fileName/TimelineAsset.cs:  -> 922c4504d3900c9d0f1009b93072bf15
  custom:scripting/precompiled-assembly-types:UnityEngine.Purchasing:  -> 18e01c65f78592a512b840b159dbf63a
  custom:scripting/precompiled-assembly-types:Unity.TextMeshPro.Editor:  -> 46ffe279a7239cd1fb74eb9c5ab5b5d8
  custom:scripting/precompiled-assembly-types:Unity.VisualStudio.Editor:  -> 8196c7ff3a716df6975b114b464f1975
  custom:scripting/precompiled-assembly-types:Unity.Services.Core.Environments:  -> b07b1f8809421d1b72991502cdcbc5ac
  custom:scripting/precompiled-assembly-types:Unity.Services.Analytics.Editor:  -> ceb02baa99ac115bdc82d472d2b0d601
  custom:scripting/precompiled-assembly-types:Unity.Services.Core.Analytics:  -> 7e90522691a1ed8cc152d6a40d3f03b4
  custom:scripting/monoscript/fileName/TrackAsset.cs:  -> 05c366eb01e12385210cbb2c784bc95b
  custom:scripting/precompiled-assembly-types:Unity.2D.Tilemap.Editor:  -> c63f35b4be2093bcf46770a8fbd6e1fe
  custom:scripting/precompiled-assembly-types:Unity.TextMeshPro:  -> 59230975e8163396a463bd906828ec67
  custom:scripting/precompiled-assembly-types:UnityEditor.TestRunner:  -> 1b08a5e3d69264f3b8177a3e839577fe
  custom:scripting/precompiled-assembly-types:UnityEditor.UI:  -> 6bae215471362000d6dbd3e0ee304a50
  custom:scripting/monoscript/fileName/TimelineWindow.cs:  -> 1ecae22b1c6d42e0f96084d9a8d5699a
  custom:scripting/precompiled-assembly-types:Unity.Services.Core.Scheduler:  -> c5a24b90c03f14c29ba6bebda52c3c14
  custom:scripting/precompiled-assembly-types:JetBrains.Rider.PathLocator:  -> cc0f6b5fd89737b9c88f7fff1881167a
  custom:scripting/precompiled-assembly-types:Unity.AI.Navigation.Editor.ConversionSystem:  -> 27c718e5de2659aeeb663e092dc21158
  custom:scripting/precompiled-assembly-types:unityplastic:  -> fafbcc8900ebc3adedea4fa84f653ed3
  custom:scripting/precompiled-assembly-types:Unity.Services.Core.Threading:  -> ca5820d3037e7034a063518fa47775e2
  custom:scripting/monoscript/fileName/TimelineAssetViewModel.cs:  -> 18a79fa063972d49f8538ad72ae7e75c
  custom:scripting/precompiled-assembly-types:Unity.Rider.Editor:  -> 5769424f89eeee7d96f0de4802f34024
  custom:scripting/precompiled-assembly-types:Unity.Analytics.StandardEvents:  -> 141d7ed544956c644b78fc48f252c94f
  custom:scripting/precompiled-assembly-types:UnityEditor.XR.LegacyInputHelpers:  -> 52acfc53051faf8d3716fd452f740f78
